{"D:\\COMP3800\\jesper\\cog-openai\\src\\client\\client-wrapper.ts":{"path":"D:\\COMP3800\\jesper\\cog-openai\\src\\client\\client-wrapper.ts","statementMap":{"0":{"start":{"line":2,"column":0},"end":{"line":2,"column":62}},"1":{"start":{"line":3,"column":0},"end":{"line":3,"column":31}},"2":{"start":{"line":4,"column":17},"end":{"line":4,"column":43}},"3":{"start":{"line":5,"column":17},"end":{"line":5,"column":36}},"4":{"start":{"line":6,"column":17},"end":{"line":6,"column":34}},"5":{"start":{"line":9,"column":8},"end":{"line":9,"column":25}},"6":{"start":{"line":10,"column":8},"end":{"line":12,"column":11}},"7":{"start":{"line":13,"column":8},"end":{"line":13,"column":49}},"8":{"start":{"line":16,"column":0},"end":{"line":16,"column":38}},"9":{"start":{"line":17,"column":0},"end":{"line":22,"column":7}},"10":{"start":{"line":23,"column":0},"end":{"line":26,"column":3}},"11":{"start":{"line":28,"column":4},"end":{"line":32,"column":7}},"12":{"start":{"line":29,"column":8},"end":{"line":31,"column":11}},"13":{"start":{"line":30,"column":12},"end":{"line":30,"column":122}}},"fnMap":{"0":{"name":"(anonymous_0)","decl":{"start":{"line":8,"column":4},"end":{"line":8,"column":5}},"loc":{"start":{"line":8,"column":67},"end":{"line":14,"column":5}},"line":8},"1":{"name":"applyMixins","decl":{"start":{"line":27,"column":9},"end":{"line":27,"column":20}},"loc":{"start":{"line":27,"column":45},"end":{"line":33,"column":1}},"line":27},"2":{"name":"(anonymous_2)","decl":{"start":{"line":28,"column":22},"end":{"line":28,"column":23}},"loc":{"start":{"line":28,"column":36},"end":{"line":32,"column":5}},"line":28},"3":{"name":"(anonymous_3)","decl":{"start":{"line":29,"column":63},"end":{"line":29,"column":64}},"loc":{"start":{"line":29,"column":73},"end":{"line":31,"column":9}},"line":29}},"branchMap":{"0":{"loc":{"start":{"line":8,"column":22},"end":{"line":8,"column":65}},"type":"default-arg","locations":[{"start":{"line":8,"column":42},"end":{"line":8,"column":65}}],"line":8}},"s":{"0":1,"1":1,"2":1,"3":1,"4":1,"5":3,"6":3,"7":3,"8":1,"9":1,"10":1,"11":1,"12":2,"13":4},"f":{"0":3,"1":1,"2":2,"3":4},"b":{"0":[0]},"_coverageSchema":"43e27e138ebf9cfc5966b082cf9a028302ed4184","hash":"2d7a609e5ddec3dce3a74328e895792f8745fcc6","contentHash":"878e4a573a4d45033f0fab3bd6b3efca340fe6c2723ae64d53be301f623fbe26"},"D:\\COMP3800\\jesper\\cog-openai\\src\\client\\mixins\\index.ts":{"path":"D:\\COMP3800\\jesper\\cog-openai\\src\\client\\mixins\\index.ts","statementMap":{"0":{"start":{"line":2,"column":22},"end":{"line":12,"column":3}},"1":{"start":{"line":3,"column":4},"end":{"line":3,"column":33}},"2":{"start":{"line":3,"column":26},"end":{"line":3,"column":33}},"3":{"start":{"line":4,"column":15},"end":{"line":4,"column":52}},"4":{"start":{"line":5,"column":4},"end":{"line":7,"column":5}},"5":{"start":{"line":6,"column":6},"end":{"line":6,"column":68}},"6":{"start":{"line":6,"column":51},"end":{"line":6,"column":63}},"7":{"start":{"line":8,"column":4},"end":{"line":8,"column":39}},"8":{"start":{"line":10,"column":4},"end":{"line":10,"column":33}},"9":{"start":{"line":10,"column":26},"end":{"line":10,"column":33}},"10":{"start":{"line":11,"column":4},"end":{"line":11,"column":17}},"11":{"start":{"line":13,"column":19},"end":{"line":15,"column":1}},"12":{"start":{"line":14,"column":4},"end":{"line":14,"column":126}},"13":{"start":{"line":14,"column":21},"end":{"line":14,"column":126}},"14":{"start":{"line":14,"column":95},"end":{"line":14,"column":126}},"15":{"start":{"line":16,"column":0},"end":{"line":16,"column":62}},"16":{"start":{"line":17,"column":0},"end":{"line":17,"column":53}},"17":{"start":{"line":18,"column":0},"end":{"line":18,"column":53}}},"fnMap":{"0":{"name":"(anonymous_0)","decl":{"start":{"line":2,"column":74},"end":{"line":2,"column":75}},"loc":{"start":{"line":2,"column":96},"end":{"line":9,"column":1}},"line":2},"1":{"name":"(anonymous_1)","decl":{"start":{"line":6,"column":38},"end":{"line":6,"column":39}},"loc":{"start":{"line":6,"column":49},"end":{"line":6,"column":65}},"line":6},"2":{"name":"(anonymous_2)","decl":{"start":{"line":9,"column":6},"end":{"line":9,"column":7}},"loc":{"start":{"line":9,"column":28},"end":{"line":12,"column":1}},"line":9},"3":{"name":"(anonymous_3)","decl":{"start":{"line":13,"column":50},"end":{"line":13,"column":51}},"loc":{"start":{"line":13,"column":71},"end":{"line":15,"column":1}},"line":13}},"branchMap":{"0":{"loc":{"start":{"line":2,"column":22},"end":{"line":12,"column":3}},"type":"binary-expr","locations":[{"start":{"line":2,"column":23},"end":{"line":2,"column":27}},{"start":{"line":2,"column":31},"end":{"line":2,"column":51}},{"start":{"line":2,"column":57},"end":{"line":12,"column":2}}],"line":2},"1":{"loc":{"start":{"line":2,"column":57},"end":{"line":12,"column":2}},"type":"cond-expr","locations":[{"start":{"line":2,"column":74},"end":{"line":9,"column":1}},{"start":{"line":9,"column":6},"end":{"line":12,"column":1}}],"line":2},"2":{"loc":{"start":{"line":3,"column":4},"end":{"line":3,"column":33}},"type":"if","locations":[{"start":{"line":3,"column":4},"end":{"line":3,"column":33}},{"start":{"line":3,"column":4},"end":{"line":3,"column":33}}],"line":3},"3":{"loc":{"start":{"line":5,"column":4},"end":{"line":7,"column":5}},"type":"if","locations":[{"start":{"line":5,"column":4},"end":{"line":7,"column":5}},{"start":{"line":5,"column":4},"end":{"line":7,"column":5}}],"line":5},"4":{"loc":{"start":{"line":5,"column":8},"end":{"line":5,"column":85}},"type":"binary-expr","locations":[{"start":{"line":5,"column":8},"end":{"line":5,"column":13}},{"start":{"line":5,"column":18},"end":{"line":5,"column":84}}],"line":5},"5":{"loc":{"start":{"line":5,"column":18},"end":{"line":5,"column":84}},"type":"cond-expr","locations":[{"start":{"line":5,"column":34},"end":{"line":5,"column":47}},{"start":{"line":5,"column":50},"end":{"line":5,"column":84}}],"line":5},"6":{"loc":{"start":{"line":5,"column":50},"end":{"line":5,"column":84}},"type":"binary-expr","locations":[{"start":{"line":5,"column":50},"end":{"line":5,"column":63}},{"start":{"line":5,"column":67},"end":{"line":5,"column":84}}],"line":5},"7":{"loc":{"start":{"line":10,"column":4},"end":{"line":10,"column":33}},"type":"if","locations":[{"start":{"line":10,"column":4},"end":{"line":10,"column":33}},{"start":{"line":10,"column":4},"end":{"line":10,"column":33}}],"line":10},"8":{"loc":{"start":{"line":13,"column":19},"end":{"line":15,"column":1}},"type":"binary-expr","locations":[{"start":{"line":13,"column":20},"end":{"line":13,"column":24}},{"start":{"line":13,"column":28},"end":{"line":13,"column":45}},{"start":{"line":13,"column":50},"end":{"line":15,"column":1}}],"line":13},"9":{"loc":{"start":{"line":14,"column":21},"end":{"line":14,"column":126}},"type":"if","locations":[{"start":{"line":14,"column":21},"end":{"line":14,"column":126}},{"start":{"line":14,"column":21},"end":{"line":14,"column":126}}],"line":14},"10":{"loc":{"start":{"line":14,"column":25},"end":{"line":14,"column":93}},"type":"binary-expr","locations":[{"start":{"line":14,"column":25},"end":{"line":14,"column":40}},{"start":{"line":14,"column":44},"end":{"line":14,"column":93}}],"line":14}},"s":{"0":1,"1":2,"2":2,"3":2,"4":2,"5":2,"6":2,"7":2,"8":0,"9":0,"10":0,"11":1,"12":2,"13":2,"14":2,"15":1,"16":1,"17":1},"f":{"0":2,"1":2,"2":0,"3":2},"b":{"0":[1,1,1],"1":[1,0],"2":[2,0],"3":[2,0],"4":[2,2],"5":[0,2],"6":[2,0],"7":[0,0],"8":[1,1,1],"9":[2,0],"10":[2,2]},"_coverageSchema":"43e27e138ebf9cfc5966b082cf9a028302ed4184","hash":"ece1f802f4538960b601db86700ae628ed7cff17","contentHash":"29bd571cdcbf4fd22a6d0c063e3ec2a48090a8d8399c29afeeb3c9b2e049c040"},"D:\\COMP3800\\jesper\\cog-openai\\src\\client\\mixins\\completion-aware.ts":{"path":"D:\\COMP3800\\jesper\\cog-openai\\src\\client\\mixins\\completion-aware.ts","statementMap":{"0":{"start":{"line":2,"column":16},"end":{"line":10,"column":1}},"1":{"start":{"line":3,"column":28},"end":{"line":3,"column":110}},"2":{"start":{"line":3,"column":91},"end":{"line":3,"column":106}},"3":{"start":{"line":4,"column":4},"end":{"line":9,"column":7}},"4":{"start":{"line":5,"column":36},"end":{"line":5,"column":97}},"5":{"start":{"line":5,"column":42},"end":{"line":5,"column":70}},"6":{"start":{"line":5,"column":85},"end":{"line":5,"column":95}},"7":{"start":{"line":6,"column":35},"end":{"line":6,"column":100}},"8":{"start":{"line":6,"column":41},"end":{"line":6,"column":73}},"9":{"start":{"line":6,"column":88},"end":{"line":6,"column":98}},"10":{"start":{"line":7,"column":32},"end":{"line":7,"column":116}},"11":{"start":{"line":8,"column":8},"end":{"line":8,"column":78}},"12":{"start":{"line":11,"column":0},"end":{"line":11,"column":62}},"13":{"start":{"line":12,"column":0},"end":{"line":12,"column":38}},"14":{"start":{"line":13,"column":35},"end":{"line":13,"column":73}},"15":{"start":{"line":16,"column":8},"end":{"line":38,"column":11}},"16":{"start":{"line":17,"column":30},"end":{"line":17,"column":40}},"17":{"start":{"line":18,"column":12},"end":{"line":18,"column":35}},"18":{"start":{"line":19,"column":12},"end":{"line":37,"column":13}},"19":{"start":{"line":20,"column":38},"end":{"line":23,"column":17}},"20":{"start":{"line":24,"column":16},"end":{"line":26,"column":17}},"21":{"start":{"line":25,"column":20},"end":{"line":25,"column":59}},"22":{"start":{"line":27,"column":33},"end":{"line":27,"column":89}},"23":{"start":{"line":28,"column":16},"end":{"line":30,"column":17}},"24":{"start":{"line":29,"column":20},"end":{"line":29,"column":99}},"25":{"start":{"line":31,"column":32},"end":{"line":31,"column":42}},"26":{"start":{"line":32,"column":40},"end":{"line":32,"column":123}},"27":{"start":{"line":33,"column":16},"end":{"line":33,"column":39}},"28":{"start":{"line":36,"column":16},"end":{"line":36,"column":84}},"29":{"start":{"line":41,"column":0},"end":{"line":41,"column":52}}},"fnMap":{"0":{"name":"(anonymous_0)","decl":{"start":{"line":2,"column":44},"end":{"line":2,"column":45}},"loc":{"start":{"line":2,"column":89},"end":{"line":10,"column":1}},"line":2},"1":{"name":"adopt","decl":{"start":{"line":3,"column":13},"end":{"line":3,"column":18}},"loc":{"start":{"line":3,"column":26},"end":{"line":3,"column":112}},"line":3},"2":{"name":"(anonymous_2)","decl":{"start":{"line":3,"column":70},"end":{"line":3,"column":71}},"loc":{"start":{"line":3,"column":89},"end":{"line":3,"column":108}},"line":3},"3":{"name":"(anonymous_3)","decl":{"start":{"line":4,"column":36},"end":{"line":4,"column":37}},"loc":{"start":{"line":4,"column":63},"end":{"line":9,"column":5}},"line":4},"4":{"name":"fulfilled","decl":{"start":{"line":5,"column":17},"end":{"line":5,"column":26}},"loc":{"start":{"line":5,"column":34},"end":{"line":5,"column":99}},"line":5},"5":{"name":"rejected","decl":{"start":{"line":6,"column":17},"end":{"line":6,"column":25}},"loc":{"start":{"line":6,"column":33},"end":{"line":6,"column":102}},"line":6},"6":{"name":"step","decl":{"start":{"line":7,"column":17},"end":{"line":7,"column":21}},"loc":{"start":{"line":7,"column":30},"end":{"line":7,"column":118}},"line":7},"7":{"name":"(anonymous_7)","decl":{"start":{"line":15,"column":4},"end":{"line":15,"column":5}},"loc":{"start":{"line":15,"column":50},"end":{"line":39,"column":5}},"line":15},"8":{"name":"(anonymous_8)","decl":{"start":{"line":16,"column":47},"end":{"line":16,"column":48}},"loc":{"start":{"line":16,"column":60},"end":{"line":38,"column":9}},"line":16}},"branchMap":{"0":{"loc":{"start":{"line":2,"column":16},"end":{"line":10,"column":1}},"type":"binary-expr","locations":[{"start":{"line":2,"column":17},"end":{"line":2,"column":21}},{"start":{"line":2,"column":25},"end":{"line":2,"column":39}},{"start":{"line":2,"column":44},"end":{"line":10,"column":1}}],"line":2},"1":{"loc":{"start":{"line":3,"column":35},"end":{"line":3,"column":109}},"type":"cond-expr","locations":[{"start":{"line":3,"column":56},"end":{"line":3,"column":61}},{"start":{"line":3,"column":64},"end":{"line":3,"column":109}}],"line":3},"2":{"loc":{"start":{"line":4,"column":16},"end":{"line":4,"column":34}},"type":"binary-expr","locations":[{"start":{"line":4,"column":16},"end":{"line":4,"column":17}},{"start":{"line":4,"column":22},"end":{"line":4,"column":33}}],"line":4},"3":{"loc":{"start":{"line":7,"column":32},"end":{"line":7,"column":115}},"type":"cond-expr","locations":[{"start":{"line":7,"column":46},"end":{"line":7,"column":67}},{"start":{"line":7,"column":70},"end":{"line":7,"column":115}}],"line":7},"4":{"loc":{"start":{"line":8,"column":51},"end":{"line":8,"column":67}},"type":"binary-expr","locations":[{"start":{"line":8,"column":51},"end":{"line":8,"column":61}},{"start":{"line":8,"column":65},"end":{"line":8,"column":67}}],"line":8},"5":{"loc":{"start":{"line":24,"column":16},"end":{"line":26,"column":17}},"type":"if","locations":[{"start":{"line":24,"column":16},"end":{"line":26,"column":17}},{"start":{"line":24,"column":16},"end":{"line":26,"column":17}}],"line":24},"6":{"loc":{"start":{"line":28,"column":16},"end":{"line":30,"column":17}},"type":"if","locations":[{"start":{"line":28,"column":16},"end":{"line":30,"column":17}},{"start":{"line":28,"column":16},"end":{"line":30,"column":17}}],"line":28},"7":{"loc":{"start":{"line":28,"column":20},"end":{"line":28,"column":106}},"type":"binary-expr","locations":[{"start":{"line":28,"column":20},"end":{"line":28,"column":29}},{"start":{"line":28,"column":33},"end":{"line":28,"column":50}},{"start":{"line":28,"column":54},"end":{"line":28,"column":74}},{"start":{"line":28,"column":78},"end":{"line":28,"column":106}}],"line":28}},"s":{"0":1,"1":2,"2":0,"3":1,"4":2,"5":2,"6":0,"7":0,"8":0,"9":0,"10":3,"11":1,"12":1,"13":1,"14":1,"15":1,"16":1,"17":1,"18":1,"19":1,"20":1,"21":0,"22":1,"23":1,"24":0,"25":1,"26":1,"27":1,"28":0,"29":1},"f":{"0":1,"1":2,"2":0,"3":1,"4":2,"5":0,"6":3,"7":1,"8":1},"b":{"0":[1,1,1],"1":[2,0],"2":[1,1],"3":[1,2],"4":[1,1],"5":[0,1],"6":[0,1],"7":[1,0,0,0]},"_coverageSchema":"43e27e138ebf9cfc5966b082cf9a028302ed4184","hash":"7e55bc68bf622f69adfac6a854ab58ae8059a6d7","contentHash":"7f904e2eba1f02fcc8fb9982b49d1ae955e4969981801c56f4d10fc6de1a6031"},"D:\\COMP3800\\jesper\\cog-openai\\src\\client\\open-ai-response-wrapper.ts":{"path":"D:\\COMP3800\\jesper\\cog-openai\\src\\client\\open-ai-response-wrapper.ts","statementMap":{"0":{"start":{"line":2,"column":0},"end":{"line":2,"column":62}},"1":{"start":{"line":3,"column":0},"end":{"line":3,"column":39}},"2":{"start":{"line":6,"column":8},"end":{"line":6,"column":43}},"3":{"start":{"line":7,"column":8},"end":{"line":7,"column":30}},"4":{"start":{"line":8,"column":8},"end":{"line":8,"column":42}},"5":{"start":{"line":11,"column":8},"end":{"line":15,"column":9}},"6":{"start":{"line":12,"column":12},"end":{"line":14,"column":13}},"7":{"start":{"line":13,"column":16},"end":{"line":13,"column":109}},"8":{"start":{"line":18,"column":0},"end":{"line":18,"column":54}}},"fnMap":{"0":{"name":"(anonymous_0)","decl":{"start":{"line":5,"column":4},"end":{"line":5,"column":5}},"loc":{"start":{"line":5,"column":45},"end":{"line":9,"column":5}},"line":5},"1":{"name":"(anonymous_1)","decl":{"start":{"line":10,"column":4},"end":{"line":10,"column":5}},"loc":{"start":{"line":10,"column":21},"end":{"line":16,"column":5}},"line":10}},"branchMap":{"0":{"loc":{"start":{"line":12,"column":12},"end":{"line":14,"column":13}},"type":"if","locations":[{"start":{"line":12,"column":12},"end":{"line":14,"column":13}},{"start":{"line":12,"column":12},"end":{"line":14,"column":13}}],"line":12}},"s":{"0":1,"1":1,"2":1,"3":1,"4":1,"5":1,"6":1,"7":1,"8":1},"f":{"0":1,"1":1},"b":{"0":[1,0]},"_coverageSchema":"43e27e138ebf9cfc5966b082cf9a028302ed4184","hash":"1693b3dde0b410292dd345ae5994405fc4e2cd37","contentHash":"75f975314a7e748df08325f086374f84172ac3e21bfd6b104c5018ded2582c89"},"D:\\COMP3800\\jesper\\cog-openai\\src\\client\\mixins\\embeddings-aware.ts":{"path":"D:\\COMP3800\\jesper\\cog-openai\\src\\client\\mixins\\embeddings-aware.ts","statementMap":{"0":{"start":{"line":2,"column":16},"end":{"line":10,"column":1}},"1":{"start":{"line":3,"column":28},"end":{"line":3,"column":110}},"2":{"start":{"line":3,"column":91},"end":{"line":3,"column":106}},"3":{"start":{"line":4,"column":4},"end":{"line":9,"column":7}},"4":{"start":{"line":5,"column":36},"end":{"line":5,"column":97}},"5":{"start":{"line":5,"column":42},"end":{"line":5,"column":70}},"6":{"start":{"line":5,"column":85},"end":{"line":5,"column":95}},"7":{"start":{"line":6,"column":35},"end":{"line":6,"column":100}},"8":{"start":{"line":6,"column":41},"end":{"line":6,"column":73}},"9":{"start":{"line":6,"column":88},"end":{"line":6,"column":98}},"10":{"start":{"line":7,"column":32},"end":{"line":7,"column":116}},"11":{"start":{"line":8,"column":8},"end":{"line":8,"column":78}},"12":{"start":{"line":11,"column":0},"end":{"line":11,"column":62}},"13":{"start":{"line":12,"column":0},"end":{"line":12,"column":38}},"14":{"start":{"line":15,"column":8},"end":{"line":30,"column":11}},"15":{"start":{"line":16,"column":12},"end":{"line":16,"column":35}},"16":{"start":{"line":17,"column":12},"end":{"line":29,"column":13}},"17":{"start":{"line":18,"column":33},"end":{"line":21,"column":18}},"18":{"start":{"line":22,"column":16},"end":{"line":24,"column":17}},"19":{"start":{"line":23,"column":20},"end":{"line":23,"column":99}},"20":{"start":{"line":25,"column":16},"end":{"line":25,"column":32}},"21":{"start":{"line":28,"column":16},"end":{"line":28,"column":84}},"22":{"start":{"line":33,"column":0},"end":{"line":33,"column":52}}},"fnMap":{"0":{"name":"(anonymous_0)","decl":{"start":{"line":2,"column":44},"end":{"line":2,"column":45}},"loc":{"start":{"line":2,"column":89},"end":{"line":10,"column":1}},"line":2},"1":{"name":"adopt","decl":{"start":{"line":3,"column":13},"end":{"line":3,"column":18}},"loc":{"start":{"line":3,"column":26},"end":{"line":3,"column":112}},"line":3},"2":{"name":"(anonymous_2)","decl":{"start":{"line":3,"column":70},"end":{"line":3,"column":71}},"loc":{"start":{"line":3,"column":89},"end":{"line":3,"column":108}},"line":3},"3":{"name":"(anonymous_3)","decl":{"start":{"line":4,"column":36},"end":{"line":4,"column":37}},"loc":{"start":{"line":4,"column":63},"end":{"line":9,"column":5}},"line":4},"4":{"name":"fulfilled","decl":{"start":{"line":5,"column":17},"end":{"line":5,"column":26}},"loc":{"start":{"line":5,"column":34},"end":{"line":5,"column":99}},"line":5},"5":{"name":"rejected","decl":{"start":{"line":6,"column":17},"end":{"line":6,"column":25}},"loc":{"start":{"line":6,"column":33},"end":{"line":6,"column":102}},"line":6},"6":{"name":"step","decl":{"start":{"line":7,"column":17},"end":{"line":7,"column":21}},"loc":{"start":{"line":7,"column":30},"end":{"line":7,"column":118}},"line":7},"7":{"name":"(anonymous_7)","decl":{"start":{"line":14,"column":4},"end":{"line":14,"column":5}},"loc":{"start":{"line":14,"column":32},"end":{"line":31,"column":5}},"line":14},"8":{"name":"(anonymous_8)","decl":{"start":{"line":15,"column":47},"end":{"line":15,"column":48}},"loc":{"start":{"line":15,"column":60},"end":{"line":30,"column":9}},"line":15}},"branchMap":{"0":{"loc":{"start":{"line":2,"column":16},"end":{"line":10,"column":1}},"type":"binary-expr","locations":[{"start":{"line":2,"column":17},"end":{"line":2,"column":21}},{"start":{"line":2,"column":25},"end":{"line":2,"column":39}},{"start":{"line":2,"column":44},"end":{"line":10,"column":1}}],"line":2},"1":{"loc":{"start":{"line":3,"column":35},"end":{"line":3,"column":109}},"type":"cond-expr","locations":[{"start":{"line":3,"column":56},"end":{"line":3,"column":61}},{"start":{"line":3,"column":64},"end":{"line":3,"column":109}}],"line":3},"2":{"loc":{"start":{"line":4,"column":16},"end":{"line":4,"column":34}},"type":"binary-expr","locations":[{"start":{"line":4,"column":16},"end":{"line":4,"column":17}},{"start":{"line":4,"column":22},"end":{"line":4,"column":33}}],"line":4},"3":{"loc":{"start":{"line":7,"column":32},"end":{"line":7,"column":115}},"type":"cond-expr","locations":[{"start":{"line":7,"column":46},"end":{"line":7,"column":67}},{"start":{"line":7,"column":70},"end":{"line":7,"column":115}}],"line":7},"4":{"loc":{"start":{"line":8,"column":51},"end":{"line":8,"column":67}},"type":"binary-expr","locations":[{"start":{"line":8,"column":51},"end":{"line":8,"column":61}},{"start":{"line":8,"column":65},"end":{"line":8,"column":67}}],"line":8},"5":{"loc":{"start":{"line":22,"column":16},"end":{"line":24,"column":17}},"type":"if","locations":[{"start":{"line":22,"column":16},"end":{"line":24,"column":17}},{"start":{"line":22,"column":16},"end":{"line":24,"column":17}}],"line":22},"6":{"loc":{"start":{"line":22,"column":20},"end":{"line":22,"column":77}},"type":"binary-expr","locations":[{"start":{"line":22,"column":20},"end":{"line":22,"column":29}},{"start":{"line":22,"column":33},"end":{"line":22,"column":47}},{"start":{"line":22,"column":51},"end":{"line":22,"column":77}}],"line":22}},"s":{"0":1,"1":2,"2":0,"3":1,"4":2,"5":2,"6":0,"7":0,"8":0,"9":0,"10":3,"11":1,"12":1,"13":1,"14":1,"15":1,"16":1,"17":1,"18":1,"19":0,"20":1,"21":0,"22":1},"f":{"0":1,"1":2,"2":0,"3":1,"4":2,"5":0,"6":3,"7":1,"8":1},"b":{"0":[1,1,1],"1":[2,0],"2":[1,1],"3":[1,2],"4":[1,1],"5":[0,1],"6":[1,0,0]},"_coverageSchema":"43e27e138ebf9cfc5966b082cf9a028302ed4184","hash":"ffd3e6b32ab7df2e1c78a41d77cc559b6ee821cd","contentHash":"ca479f0621230329683751331496c51f736bb8299cf3432a988178b1a4e1d297"},"D:\\COMP3800\\jesper\\cog-openai\\src\\core\\cog.ts":{"path":"D:\\COMP3800\\jesper\\cog-openai\\src\\core\\cog.ts","statementMap":{"0":{"start":{"line":2,"column":16},"end":{"line":10,"column":1}},"1":{"start":{"line":3,"column":28},"end":{"line":3,"column":110}},"2":{"start":{"line":3,"column":91},"end":{"line":3,"column":106}},"3":{"start":{"line":4,"column":4},"end":{"line":9,"column":7}},"4":{"start":{"line":5,"column":36},"end":{"line":5,"column":97}},"5":{"start":{"line":5,"column":42},"end":{"line":5,"column":70}},"6":{"start":{"line":5,"column":85},"end":{"line":5,"column":95}},"7":{"start":{"line":6,"column":35},"end":{"line":6,"column":100}},"8":{"start":{"line":6,"column":41},"end":{"line":6,"column":73}},"9":{"start":{"line":6,"column":88},"end":{"line":6,"column":98}},"10":{"start":{"line":7,"column":32},"end":{"line":7,"column":116}},"11":{"start":{"line":8,"column":8},"end":{"line":8,"column":78}},"12":{"start":{"line":11,"column":0},"end":{"line":11,"column":62}},"13":{"start":{"line":12,"column":0},"end":{"line":12,"column":21}},"14":{"start":{"line":13,"column":20},"end":{"line":13,"column":72}},"15":{"start":{"line":14,"column":11},"end":{"line":14,"column":24}},"16":{"start":{"line":15,"column":25},"end":{"line":15,"column":60}},"17":{"start":{"line":16,"column":17},"end":{"line":16,"column":43}},"18":{"start":{"line":19,"column":8},"end":{"line":19,"column":53}},"19":{"start":{"line":20,"column":8},"end":{"line":20,"column":31}},"20":{"start":{"line":21,"column":8},"end":{"line":21,"column":109}},"21":{"start":{"line":24,"column":22},"end":{"line":35,"column":10}},"22":{"start":{"line":26,"column":12},"end":{"line":31,"column":13}},"23":{"start":{"line":27,"column":29},"end":{"line":27,"column":64}},"24":{"start":{"line":28,"column":37},"end":{"line":28,"column":65}},"25":{"start":{"line":29,"column":16},"end":{"line":29,"column":58}},"26":{"start":{"line":30,"column":16},"end":{"line":30,"column":36}},"27":{"start":{"line":32,"column":12},"end":{"line":34,"column":13}},"28":{"start":{"line":33,"column":16},"end":{"line":33,"column":95}},"29":{"start":{"line":36,"column":8},"end":{"line":36,"column":50}},"30":{"start":{"line":36,"column":33},"end":{"line":36,"column":48}},"31":{"start":{"line":39,"column":25},"end":{"line":39,"column":51}},"32":{"start":{"line":40,"column":24},"end":{"line":40,"column":84}},"33":{"start":{"line":41,"column":32},"end":{"line":43,"column":10}},"34":{"start":{"line":42,"column":12},"end":{"line":42,"column":40}},"35":{"start":{"line":44,"column":8},"end":{"line":44,"column":43}},"36":{"start":{"line":45,"column":8},"end":{"line":45,"column":45}},"37":{"start":{"line":46,"column":8},"end":{"line":46,"column":45}},"38":{"start":{"line":47,"column":8},"end":{"line":49,"column":9}},"39":{"start":{"line":48,"column":12},"end":{"line":48,"column":55}},"40":{"start":{"line":50,"column":8},"end":{"line":52,"column":9}},"41":{"start":{"line":51,"column":12},"end":{"line":51,"column":61}},"42":{"start":{"line":53,"column":8},"end":{"line":53,"column":57}},"43":{"start":{"line":54,"column":8},"end":{"line":64,"column":11}},"44":{"start":{"line":55,"column":30},"end":{"line":55,"column":60}},"45":{"start":{"line":56,"column":12},"end":{"line":56,"column":42}},"46":{"start":{"line":57,"column":12},"end":{"line":57,"column":84}},"47":{"start":{"line":58,"column":12},"end":{"line":58,"column":42}},"48":{"start":{"line":59,"column":12},"end":{"line":59,"column":56}},"49":{"start":{"line":60,"column":12},"end":{"line":62,"column":13}},"50":{"start":{"line":61,"column":16},"end":{"line":61,"column":46}},"51":{"start":{"line":63,"column":12},"end":{"line":63,"column":46}},"52":{"start":{"line":65,"column":8},"end":{"line":65,"column":33}},"53":{"start":{"line":68,"column":23},"end":{"line":68,"column":60}},"54":{"start":{"line":69,"column":25},"end":{"line":69,"column":26}},"55":{"start":{"line":70,"column":26},"end":{"line":70,"column":31}},"56":{"start":{"line":71,"column":8},"end":{"line":80,"column":12}},"57":{"start":{"line":71,"column":44},"end":{"line":80,"column":10}},"58":{"start":{"line":72,"column":12},"end":{"line":72,"column":40}},"59":{"start":{"line":73,"column":25},"end":{"line":73,"column":49}},"60":{"start":{"line":74,"column":29},"end":{"line":74,"column":81}},"61":{"start":{"line":75,"column":12},"end":{"line":75,"column":33}},"62":{"start":{"line":76,"column":12},"end":{"line":76,"column":40}},"63":{"start":{"line":77,"column":12},"end":{"line":79,"column":13}},"64":{"start":{"line":78,"column":16},"end":{"line":78,"column":27}},"65":{"start":{"line":81,"column":8},"end":{"line":86,"column":11}},"66":{"start":{"line":82,"column":12},"end":{"line":82,"column":31}},"67":{"start":{"line":83,"column":12},"end":{"line":85,"column":13}},"68":{"start":{"line":84,"column":16},"end":{"line":84,"column":27}},"69":{"start":{"line":89,"column":8},"end":{"line":93,"column":11}},"70":{"start":{"line":90,"column":25},"end":{"line":90,"column":47}},"71":{"start":{"line":91,"column":29},"end":{"line":91,"column":73}},"72":{"start":{"line":92,"column":12},"end":{"line":92,"column":37}},"73":{"start":{"line":96,"column":8},"end":{"line":115,"column":11}},"74":{"start":{"line":97,"column":27},"end":{"line":97,"column":76}},"75":{"start":{"line":98,"column":27},"end":{"line":98,"column":43}},"76":{"start":{"line":99,"column":27},"end":{"line":99,"column":57}},"77":{"start":{"line":100,"column":12},"end":{"line":105,"column":13}},"78":{"start":{"line":101,"column":16},"end":{"line":101,"column":76}},"79":{"start":{"line":102,"column":16},"end":{"line":102,"column":61}},"80":{"start":{"line":103,"column":16},"end":{"line":103,"column":82}},"81":{"start":{"line":104,"column":16},"end":{"line":104,"column":32}},"82":{"start":{"line":106,"column":12},"end":{"line":113,"column":13}},"83":{"start":{"line":107,"column":37},"end":{"line":107,"column":69}},"84":{"start":{"line":108,"column":16},"end":{"line":108,"column":64}},"85":{"start":{"line":111,"column":16},"end":{"line":111,"column":76}},"86":{"start":{"line":112,"column":16},"end":{"line":112,"column":79}},"87":{"start":{"line":114,"column":12},"end":{"line":114,"column":28}},"88":{"start":{"line":118,"column":8},"end":{"line":118,"column":49}},"89":{"start":{"line":121,"column":0},"end":{"line":121,"column":18}}},"fnMap":{"0":{"name":"(anonymous_0)","decl":{"start":{"line":2,"column":44},"end":{"line":2,"column":45}},"loc":{"start":{"line":2,"column":89},"end":{"line":10,"column":1}},"line":2},"1":{"name":"adopt","decl":{"start":{"line":3,"column":13},"end":{"line":3,"column":18}},"loc":{"start":{"line":3,"column":26},"end":{"line":3,"column":112}},"line":3},"2":{"name":"(anonymous_2)","decl":{"start":{"line":3,"column":70},"end":{"line":3,"column":71}},"loc":{"start":{"line":3,"column":89},"end":{"line":3,"column":108}},"line":3},"3":{"name":"(anonymous_3)","decl":{"start":{"line":4,"column":36},"end":{"line":4,"column":37}},"loc":{"start":{"line":4,"column":63},"end":{"line":9,"column":5}},"line":4},"4":{"name":"fulfilled","decl":{"start":{"line":5,"column":17},"end":{"line":5,"column":26}},"loc":{"start":{"line":5,"column":34},"end":{"line":5,"column":99}},"line":5},"5":{"name":"rejected","decl":{"start":{"line":6,"column":17},"end":{"line":6,"column":25}},"loc":{"start":{"line":6,"column":33},"end":{"line":6,"column":102}},"line":6},"6":{"name":"step","decl":{"start":{"line":7,"column":17},"end":{"line":7,"column":21}},"loc":{"start":{"line":7,"column":30},"end":{"line":7,"column":118}},"line":7},"7":{"name":"(anonymous_7)","decl":{"start":{"line":18,"column":4},"end":{"line":18,"column":5}},"loc":{"start":{"line":18,"column":50},"end":{"line":22,"column":5}},"line":18},"8":{"name":"(anonymous_8)","decl":{"start":{"line":23,"column":4},"end":{"line":23,"column":5}},"loc":{"start":{"line":23,"column":38},"end":{"line":37,"column":5}},"line":23},"9":{"name":"(anonymous_9)","decl":{"start":{"line":25,"column":17},"end":{"line":25,"column":18}},"loc":{"start":{"line":25,"column":27},"end":{"line":35,"column":9}},"line":25},"10":{"name":"(anonymous_10)","decl":{"start":{"line":36,"column":28},"end":{"line":36,"column":29}},"loc":{"start":{"line":36,"column":33},"end":{"line":36,"column":48}},"line":36},"11":{"name":"(anonymous_11)","decl":{"start":{"line":38,"column":4},"end":{"line":38,"column":5}},"loc":{"start":{"line":38,"column":32},"end":{"line":66,"column":5}},"line":38},"12":{"name":"(anonymous_12)","decl":{"start":{"line":41,"column":47},"end":{"line":41,"column":48}},"loc":{"start":{"line":41,"column":57},"end":{"line":43,"column":9}},"line":41},"13":{"name":"(anonymous_13)","decl":{"start":{"line":54,"column":66},"end":{"line":54,"column":67}},"loc":{"start":{"line":54,"column":77},"end":{"line":64,"column":9}},"line":54},"14":{"name":"(anonymous_14)","decl":{"start":{"line":67,"column":4},"end":{"line":67,"column":5}},"loc":{"start":{"line":67,"column":19},"end":{"line":87,"column":5}},"line":67},"15":{"name":"(anonymous_15)","decl":{"start":{"line":71,"column":24},"end":{"line":71,"column":25}},"loc":{"start":{"line":71,"column":44},"end":{"line":80,"column":10}},"line":71},"16":{"name":"(anonymous_16)","decl":{"start":{"line":71,"column":76},"end":{"line":71,"column":77}},"loc":{"start":{"line":71,"column":89},"end":{"line":80,"column":9}},"line":71},"17":{"name":"(anonymous_17)","decl":{"start":{"line":81,"column":23},"end":{"line":81,"column":24}},"loc":{"start":{"line":81,"column":29},"end":{"line":86,"column":9}},"line":81},"18":{"name":"(anonymous_18)","decl":{"start":{"line":88,"column":4},"end":{"line":88,"column":5}},"loc":{"start":{"line":88,"column":28},"end":{"line":94,"column":5}},"line":88},"19":{"name":"(anonymous_19)","decl":{"start":{"line":89,"column":47},"end":{"line":89,"column":48}},"loc":{"start":{"line":89,"column":60},"end":{"line":93,"column":9}},"line":89},"20":{"name":"(anonymous_20)","decl":{"start":{"line":95,"column":4},"end":{"line":95,"column":5}},"loc":{"start":{"line":95,"column":55},"end":{"line":116,"column":5}},"line":95},"21":{"name":"(anonymous_21)","decl":{"start":{"line":96,"column":47},"end":{"line":96,"column":48}},"loc":{"start":{"line":96,"column":60},"end":{"line":115,"column":9}},"line":96},"22":{"name":"(anonymous_22)","decl":{"start":{"line":117,"column":4},"end":{"line":117,"column":5}},"loc":{"start":{"line":117,"column":28},"end":{"line":119,"column":5}},"line":117}},"branchMap":{"0":{"loc":{"start":{"line":2,"column":16},"end":{"line":10,"column":1}},"type":"binary-expr","locations":[{"start":{"line":2,"column":17},"end":{"line":2,"column":21}},{"start":{"line":2,"column":25},"end":{"line":2,"column":39}},{"start":{"line":2,"column":44},"end":{"line":10,"column":1}}],"line":2},"1":{"loc":{"start":{"line":3,"column":35},"end":{"line":3,"column":109}},"type":"cond-expr","locations":[{"start":{"line":3,"column":56},"end":{"line":3,"column":61}},{"start":{"line":3,"column":64},"end":{"line":3,"column":109}}],"line":3},"2":{"loc":{"start":{"line":4,"column":16},"end":{"line":4,"column":34}},"type":"binary-expr","locations":[{"start":{"line":4,"column":16},"end":{"line":4,"column":17}},{"start":{"line":4,"column":22},"end":{"line":4,"column":33}}],"line":4},"3":{"loc":{"start":{"line":7,"column":32},"end":{"line":7,"column":115}},"type":"cond-expr","locations":[{"start":{"line":7,"column":46},"end":{"line":7,"column":67}},{"start":{"line":7,"column":70},"end":{"line":7,"column":115}}],"line":7},"4":{"loc":{"start":{"line":8,"column":51},"end":{"line":8,"column":67}},"type":"binary-expr","locations":[{"start":{"line":8,"column":51},"end":{"line":8,"column":61}},{"start":{"line":8,"column":65},"end":{"line":8,"column":67}}],"line":8},"5":{"loc":{"start":{"line":18,"column":36},"end":{"line":18,"column":48}},"type":"default-arg","locations":[{"start":{"line":18,"column":46},"end":{"line":18,"column":48}}],"line":18},"6":{"loc":{"start":{"line":26,"column":12},"end":{"line":31,"column":13}},"type":"if","locations":[{"start":{"line":26,"column":12},"end":{"line":31,"column":13}},{"start":{"line":26,"column":12},"end":{"line":31,"column":13}}],"line":26},"7":{"loc":{"start":{"line":26,"column":16},"end":{"line":26,"column":89}},"type":"binary-expr","locations":[{"start":{"line":26,"column":16},"end":{"line":26,"column":29}},{"start":{"line":26,"column":34},"end":{"line":26,"column":59}},{"start":{"line":26,"column":63},"end":{"line":26,"column":88}}],"line":26},"8":{"loc":{"start":{"line":32,"column":12},"end":{"line":34,"column":13}},"type":"if","locations":[{"start":{"line":32,"column":12},"end":{"line":34,"column":13}},{"start":{"line":32,"column":12},"end":{"line":34,"column":13}}],"line":32},"9":{"loc":{"start":{"line":47,"column":8},"end":{"line":49,"column":9}},"type":"if","locations":[{"start":{"line":47,"column":8},"end":{"line":49,"column":9}},{"start":{"line":47,"column":8},"end":{"line":49,"column":9}}],"line":47},"10":{"loc":{"start":{"line":50,"column":8},"end":{"line":52,"column":9}},"type":"if","locations":[{"start":{"line":50,"column":8},"end":{"line":52,"column":9}},{"start":{"line":50,"column":8},"end":{"line":52,"column":9}}],"line":50},"11":{"loc":{"start":{"line":60,"column":12},"end":{"line":62,"column":13}},"type":"if","locations":[{"start":{"line":60,"column":12},"end":{"line":62,"column":13}},{"start":{"line":60,"column":12},"end":{"line":62,"column":13}}],"line":60},"12":{"loc":{"start":{"line":77,"column":12},"end":{"line":79,"column":13}},"type":"if","locations":[{"start":{"line":77,"column":12},"end":{"line":79,"column":13}},{"start":{"line":77,"column":12},"end":{"line":79,"column":13}}],"line":77},"13":{"loc":{"start":{"line":77,"column":16},"end":{"line":77,"column":47}},"type":"binary-expr","locations":[{"start":{"line":77,"column":16},"end":{"line":77,"column":32}},{"start":{"line":77,"column":36},"end":{"line":77,"column":47}}],"line":77},"14":{"loc":{"start":{"line":83,"column":12},"end":{"line":85,"column":13}},"type":"if","locations":[{"start":{"line":83,"column":12},"end":{"line":85,"column":13}},{"start":{"line":83,"column":12},"end":{"line":85,"column":13}}],"line":83},"15":{"loc":{"start":{"line":95,"column":33},"end":{"line":95,"column":53}},"type":"default-arg","locations":[{"start":{"line":95,"column":49},"end":{"line":95,"column":53}}],"line":95},"16":{"loc":{"start":{"line":97,"column":27},"end":{"line":97,"column":76}},"type":"binary-expr","locations":[{"start":{"line":97,"column":27},"end":{"line":97,"column":40}},{"start":{"line":97,"column":44},"end":{"line":97,"column":76}}],"line":97},"17":{"loc":{"start":{"line":100,"column":12},"end":{"line":105,"column":13}},"type":"if","locations":[{"start":{"line":100,"column":12},"end":{"line":105,"column":13}},{"start":{"line":100,"column":12},"end":{"line":105,"column":13}}],"line":100}},"s":{"0":1,"1":11,"2":0,"3":18,"4":11,"5":11,"6":0,"7":0,"8":0,"9":0,"10":29,"11":18,"12":1,"13":1,"14":1,"15":1,"16":1,"17":1,"18":15,"19":15,"20":15,"21":45,"22":150,"23":120,"24":120,"25":120,"26":120,"27":30,"28":30,"29":45,"30":150,"31":3,"32":3,"33":3,"34":24,"35":3,"36":3,"37":3,"38":3,"39":0,"40":3,"41":0,"42":3,"43":3,"44":3,"45":3,"46":3,"47":3,"48":3,"49":3,"50":3,"51":3,"52":3,"53":4,"54":4,"55":4,"56":4,"57":5,"58":5,"59":5,"60":5,"61":5,"62":5,"63":5,"64":0,"65":4,"66":0,"67":0,"68":0,"69":4,"70":4,"71":4,"72":4,"73":9,"74":9,"75":9,"76":9,"77":9,"78":5,"79":5,"80":5,"81":5,"82":4,"83":4,"84":4,"85":2,"86":2,"87":4,"88":8,"89":1},"f":{"0":18,"1":11,"2":0,"3":18,"4":11,"5":0,"6":29,"7":15,"8":45,"9":150,"10":150,"11":3,"12":24,"13":3,"14":4,"15":5,"16":5,"17":0,"18":4,"19":4,"20":9,"21":9,"22":8},"b":{"0":[1,1,1],"1":[11,0],"2":[18,18],"3":[18,11],"4":[18,18],"5":[11],"6":[120,30],"7":[150,120,0],"8":[30,0],"9":[0,3],"10":[0,3],"11":[3,0],"12":[0,5],"13":[5,4],"14":[0,0],"15":[4],"16":[9,4],"17":[5,4]},"_coverageSchema":"43e27e138ebf9cfc5966b082cf9a028302ed4184","hash":"61aa886016a1eae7484fa4e2c0bdbea8d5d71769","contentHash":"74435a58b82258c1f341661a9bc16737ada627f2c9a8ca005c35cc398b0ef587"},"D:\\COMP3800\\jesper\\cog-openai\\src\\steps\\completion\\completion-equals-ab.ts":{"path":"D:\\COMP3800\\jesper\\cog-openai\\src\\steps\\completion\\completion-equals-ab.ts","statementMap":{"0":{"start":{"line":2,"column":16},"end":{"line":10,"column":1}},"1":{"start":{"line":3,"column":28},"end":{"line":3,"column":110}},"2":{"start":{"line":3,"column":91},"end":{"line":3,"column":106}},"3":{"start":{"line":4,"column":4},"end":{"line":9,"column":7}},"4":{"start":{"line":5,"column":36},"end":{"line":5,"column":97}},"5":{"start":{"line":5,"column":42},"end":{"line":5,"column":70}},"6":{"start":{"line":5,"column":85},"end":{"line":5,"column":95}},"7":{"start":{"line":6,"column":35},"end":{"line":6,"column":100}},"8":{"start":{"line":6,"column":41},"end":{"line":6,"column":73}},"9":{"start":{"line":6,"column":88},"end":{"line":6,"column":98}},"10":{"start":{"line":7,"column":32},"end":{"line":7,"column":116}},"11":{"start":{"line":8,"column":8},"end":{"line":8,"column":78}},"12":{"start":{"line":11,"column":0},"end":{"line":11,"column":62}},"13":{"start":{"line":12,"column":0},"end":{"line":12,"column":51}},"14":{"start":{"line":13,"column":13},"end":{"line":13,"column":44}},"15":{"start":{"line":14,"column":10},"end":{"line":14,"column":27}},"16":{"start":{"line":15,"column":20},"end":{"line":15,"column":51}},"17":{"start":{"line":16,"column":17},"end":{"line":16,"column":46}},"18":{"start":{"line":17,"column":20},"end":{"line":17,"column":63}},"19":{"start":{"line":20,"column":8},"end":{"line":20,"column":28}},"20":{"start":{"line":21,"column":8},"end":{"line":21,"column":92}},"21":{"start":{"line":22,"column":8},"end":{"line":22,"column":309}},"22":{"start":{"line":23,"column":8},"end":{"line":23,"column":64}},"23":{"start":{"line":24,"column":8},"end":{"line":24,"column":36}},"24":{"start":{"line":25,"column":8},"end":{"line":25,"column":43}},"25":{"start":{"line":26,"column":8},"end":{"line":49,"column":15}},"26":{"start":{"line":50,"column":8},"end":{"line":75,"column":15}},"27":{"start":{"line":78,"column":8},"end":{"line":127,"column":11}},"28":{"start":{"line":79,"column":29},"end":{"line":79,"column":80}},"29":{"start":{"line":80,"column":36},"end":{"line":80,"column":44}},"30":{"start":{"line":81,"column":31},"end":{"line":81,"column":39}},"31":{"start":{"line":82,"column":31},"end":{"line":82,"column":39}},"32":{"start":{"line":83,"column":31},"end":{"line":83,"column":39}},"33":{"start":{"line":84,"column":29},"end":{"line":84,"column":54}},"34":{"start":{"line":85,"column":12},"end":{"line":126,"column":13}},"35":{"start":{"line":86,"column":33},"end":{"line":86,"column":35}},"36":{"start":{"line":87,"column":32},"end":{"line":87,"column":34}},"37":{"start":{"line":88,"column":16},"end":{"line":88,"column":41}},"38":{"start":{"line":89,"column":16},"end":{"line":89,"column":44}},"39":{"start":{"line":90,"column":16},"end":{"line":90,"column":39}},"40":{"start":{"line":91,"column":36},"end":{"line":91,"column":102}},"41":{"start":{"line":92,"column":32},"end":{"line":92,"column":70}},"42":{"start":{"line":93,"column":32},"end":{"line":93,"column":88}},"43":{"start":{"line":94,"column":36},"end":{"line":94,"column":102}},"44":{"start":{"line":95,"column":32},"end":{"line":95,"column":70}},"45":{"start":{"line":96,"column":32},"end":{"line":96,"column":88}},"46":{"start":{"line":97,"column":31},"end":{"line":97,"column":61}},"47":{"start":{"line":98,"column":37},"end":{"line":98,"column":39}},"48":{"start":{"line":99,"column":37},"end":{"line":99,"column":39}},"49":{"start":{"line":100,"column":16},"end":{"line":105,"column":17}},"50":{"start":{"line":101,"column":20},"end":{"line":101,"column":76}},"51":{"start":{"line":104,"column":20},"end":{"line":104,"column":76}},"52":{"start":{"line":106,"column":16},"end":{"line":111,"column":17}},"53":{"start":{"line":107,"column":20},"end":{"line":107,"column":76}},"54":{"start":{"line":110,"column":20},"end":{"line":110,"column":76}},"55":{"start":{"line":112,"column":32},"end":{"line":112,"column":34}},"56":{"start":{"line":113,"column":16},"end":{"line":113,"column":113}},"57":{"start":{"line":114,"column":16},"end":{"line":114,"column":113}},"58":{"start":{"line":115,"column":16},"end":{"line":116,"column":144}},"59":{"start":{"line":119,"column":16},"end":{"line":121,"column":17}},"60":{"start":{"line":120,"column":20},"end":{"line":120,"column":121}},"61":{"start":{"line":122,"column":16},"end":{"line":124,"column":17}},"62":{"start":{"line":123,"column":20},"end":{"line":123,"column":113}},"63":{"start":{"line":125,"column":16},"end":{"line":125,"column":113}},"64":{"start":{"line":130,"column":24},"end":{"line":130,"column":26}},"65":{"start":{"line":131,"column":27},"end":{"line":131,"column":57}},"66":{"start":{"line":132,"column":8},"end":{"line":134,"column":11}},"67":{"start":{"line":133,"column":12},"end":{"line":133,"column":31}},"68":{"start":{"line":135,"column":8},"end":{"line":135,"column":55}},"69":{"start":{"line":138,"column":24},"end":{"line":138,"column":26}},"70":{"start":{"line":139,"column":8},"end":{"line":139,"column":89}},"71":{"start":{"line":140,"column":8},"end":{"line":140,"column":125}},"72":{"start":{"line":141,"column":8},"end":{"line":141,"column":23}},"73":{"start":{"line":144,"column":0},"end":{"line":144,"column":48}},"74":{"start":{"line":145,"column":0},"end":{"line":145,"column":34}}},"fnMap":{"0":{"name":"(anonymous_0)","decl":{"start":{"line":2,"column":44},"end":{"line":2,"column":45}},"loc":{"start":{"line":2,"column":89},"end":{"line":10,"column":1}},"line":2},"1":{"name":"adopt","decl":{"start":{"line":3,"column":13},"end":{"line":3,"column":18}},"loc":{"start":{"line":3,"column":26},"end":{"line":3,"column":112}},"line":3},"2":{"name":"(anonymous_2)","decl":{"start":{"line":3,"column":70},"end":{"line":3,"column":71}},"loc":{"start":{"line":3,"column":89},"end":{"line":3,"column":108}},"line":3},"3":{"name":"(anonymous_3)","decl":{"start":{"line":4,"column":36},"end":{"line":4,"column":37}},"loc":{"start":{"line":4,"column":63},"end":{"line":9,"column":5}},"line":4},"4":{"name":"fulfilled","decl":{"start":{"line":5,"column":17},"end":{"line":5,"column":26}},"loc":{"start":{"line":5,"column":34},"end":{"line":5,"column":99}},"line":5},"5":{"name":"rejected","decl":{"start":{"line":6,"column":17},"end":{"line":6,"column":25}},"loc":{"start":{"line":6,"column":33},"end":{"line":6,"column":102}},"line":6},"6":{"name":"step","decl":{"start":{"line":7,"column":17},"end":{"line":7,"column":21}},"loc":{"start":{"line":7,"column":30},"end":{"line":7,"column":118}},"line":7},"7":{"name":"(anonymous_7)","decl":{"start":{"line":19,"column":4},"end":{"line":19,"column":5}},"loc":{"start":{"line":19,"column":18},"end":{"line":76,"column":5}},"line":19},"8":{"name":"(anonymous_8)","decl":{"start":{"line":77,"column":4},"end":{"line":77,"column":5}},"loc":{"start":{"line":77,"column":22},"end":{"line":128,"column":5}},"line":77},"9":{"name":"(anonymous_9)","decl":{"start":{"line":78,"column":47},"end":{"line":78,"column":48}},"loc":{"start":{"line":78,"column":60},"end":{"line":127,"column":9}},"line":78},"10":{"name":"(anonymous_10)","decl":{"start":{"line":129,"column":4},"end":{"line":129,"column":5}},"loc":{"start":{"line":129,"column":36},"end":{"line":136,"column":5}},"line":129},"11":{"name":"(anonymous_11)","decl":{"start":{"line":132,"column":27},"end":{"line":132,"column":28}},"loc":{"start":{"line":132,"column":36},"end":{"line":134,"column":9}},"line":132},"12":{"name":"(anonymous_12)","decl":{"start":{"line":137,"column":4},"end":{"line":137,"column":5}},"loc":{"start":{"line":137,"column":45},"end":{"line":142,"column":5}},"line":137}},"branchMap":{"0":{"loc":{"start":{"line":2,"column":16},"end":{"line":10,"column":1}},"type":"binary-expr","locations":[{"start":{"line":2,"column":17},"end":{"line":2,"column":21}},{"start":{"line":2,"column":25},"end":{"line":2,"column":39}},{"start":{"line":2,"column":44},"end":{"line":10,"column":1}}],"line":2},"1":{"loc":{"start":{"line":3,"column":35},"end":{"line":3,"column":109}},"type":"cond-expr","locations":[{"start":{"line":3,"column":56},"end":{"line":3,"column":61}},{"start":{"line":3,"column":64},"end":{"line":3,"column":109}}],"line":3},"2":{"loc":{"start":{"line":4,"column":16},"end":{"line":4,"column":34}},"type":"binary-expr","locations":[{"start":{"line":4,"column":16},"end":{"line":4,"column":17}},{"start":{"line":4,"column":22},"end":{"line":4,"column":33}}],"line":4},"3":{"loc":{"start":{"line":7,"column":32},"end":{"line":7,"column":115}},"type":"cond-expr","locations":[{"start":{"line":7,"column":46},"end":{"line":7,"column":67}},{"start":{"line":7,"column":70},"end":{"line":7,"column":115}}],"line":7},"4":{"loc":{"start":{"line":8,"column":51},"end":{"line":8,"column":67}},"type":"binary-expr","locations":[{"start":{"line":8,"column":51},"end":{"line":8,"column":61}},{"start":{"line":8,"column":65},"end":{"line":8,"column":67}}],"line":8},"5":{"loc":{"start":{"line":79,"column":29},"end":{"line":79,"column":80}},"type":"cond-expr","locations":[{"start":{"line":79,"column":46},"end":{"line":79,"column":75}},{"start":{"line":79,"column":78},"end":{"line":79,"column":80}}],"line":79},"6":{"loc":{"start":{"line":84,"column":29},"end":{"line":84,"column":54}},"type":"binary-expr","locations":[{"start":{"line":84,"column":29},"end":{"line":84,"column":46}},{"start":{"line":84,"column":50},"end":{"line":84,"column":54}}],"line":84},"7":{"loc":{"start":{"line":97,"column":31},"end":{"line":97,"column":61}},"type":"binary-expr","locations":[{"start":{"line":97,"column":31},"end":{"line":97,"column":44}},{"start":{"line":97,"column":48},"end":{"line":97,"column":61}}],"line":97},"8":{"loc":{"start":{"line":100,"column":16},"end":{"line":105,"column":17}},"type":"if","locations":[{"start":{"line":100,"column":16},"end":{"line":105,"column":17}},{"start":{"line":100,"column":16},"end":{"line":105,"column":17}}],"line":100},"9":{"loc":{"start":{"line":106,"column":16},"end":{"line":111,"column":17}},"type":"if","locations":[{"start":{"line":106,"column":16},"end":{"line":111,"column":17}},{"start":{"line":106,"column":16},"end":{"line":111,"column":17}}],"line":106},"10":{"loc":{"start":{"line":115,"column":23},"end":{"line":116,"column":143}},"type":"cond-expr","locations":[{"start":{"line":115,"column":32},"end":{"line":115,"column":101}},{"start":{"line":116,"column":22},"end":{"line":116,"column":143}}],"line":115},"11":{"loc":{"start":{"line":119,"column":16},"end":{"line":121,"column":17}},"type":"if","locations":[{"start":{"line":119,"column":16},"end":{"line":121,"column":17}},{"start":{"line":119,"column":16},"end":{"line":121,"column":17}}],"line":119},"12":{"loc":{"start":{"line":122,"column":16},"end":{"line":124,"column":17}},"type":"if","locations":[{"start":{"line":122,"column":16},"end":{"line":124,"column":17}},{"start":{"line":122,"column":16},"end":{"line":124,"column":17}}],"line":122},"13":{"loc":{"start":{"line":131,"column":39},"end":{"line":131,"column":56}},"type":"binary-expr","locations":[{"start":{"line":131,"column":39},"end":{"line":131,"column":50}},{"start":{"line":131,"column":54},"end":{"line":131,"column":56}}],"line":131},"14":{"loc":{"start":{"line":137,"column":30},"end":{"line":137,"column":43}},"type":"default-arg","locations":[{"start":{"line":137,"column":42},"end":{"line":137,"column":43}}],"line":137}},"s":{"0":1,"1":4,"2":0,"3":2,"4":4,"5":4,"6":0,"7":0,"8":0,"9":0,"10":6,"11":2,"12":1,"13":1,"14":1,"15":1,"16":1,"17":1,"18":1,"19":18,"20":18,"21":18,"22":18,"23":18,"24":18,"25":18,"26":18,"27":2,"28":2,"29":2,"30":2,"31":2,"32":2,"33":2,"34":2,"35":2,"36":2,"37":2,"38":2,"39":2,"40":2,"41":2,"42":2,"43":2,"44":2,"45":2,"46":2,"47":2,"48":2,"49":2,"50":1,"51":1,"52":2,"53":1,"54":1,"55":2,"56":2,"57":2,"58":2,"59":0,"60":0,"61":0,"62":0,"63":0,"64":4,"65":4,"66":4,"67":4,"68":4,"69":0,"70":0,"71":0,"72":0,"73":1,"74":1},"f":{"0":2,"1":4,"2":0,"3":2,"4":4,"5":0,"6":6,"7":18,"8":2,"9":2,"10":4,"11":4,"12":0},"b":{"0":[1,1,1],"1":[4,0],"2":[2,2],"3":[2,4],"4":[2,2],"5":[2,0],"6":[2,0],"7":[2,1],"8":[1,1],"9":[1,1],"10":[1,1],"11":[0,0],"12":[0,0],"13":[4,2],"14":[0]},"_coverageSchema":"43e27e138ebf9cfc5966b082cf9a028302ed4184","hash":"208d1132774773183b81c9e43739ea78f7c4e391","contentHash":"a4f0b136ba91514b8ef3b42532823a0a2e966ff6c1ea0213610fc535f90529a8"},"D:\\COMP3800\\jesper\\cog-openai\\src\\core\\base-step.ts":{"path":"D:\\COMP3800\\jesper\\cog-openai\\src\\core\\base-step.ts","statementMap":{"0":{"start":{"line":2,"column":0},"end":{"line":2,"column":62}},"1":{"start":{"line":3,"column":0},"end":{"line":3,"column":26}},"2":{"start":{"line":4,"column":17},"end":{"line":4,"column":43}},"3":{"start":{"line":5,"column":20},"end":{"line":5,"column":72}},"4":{"start":{"line":6,"column":13},"end":{"line":6,"column":44}},"5":{"start":{"line":9,"column":8},"end":{"line":9,"column":29}},"6":{"start":{"line":12,"column":8},"end":{"line":12,"column":37}},"7":{"start":{"line":15,"column":31},"end":{"line":15,"column":60}},"8":{"start":{"line":16,"column":8},"end":{"line":16,"column":47}},"9":{"start":{"line":17,"column":8},"end":{"line":17,"column":46}},"10":{"start":{"line":18,"column":8},"end":{"line":18,"column":46}},"11":{"start":{"line":19,"column":8},"end":{"line":19,"column":58}},"12":{"start":{"line":20,"column":8},"end":{"line":22,"column":9}},"13":{"start":{"line":21,"column":12},"end":{"line":21,"column":50}},"14":{"start":{"line":23,"column":8},"end":{"line":38,"column":11}},"15":{"start":{"line":24,"column":34},"end":{"line":24,"column":64}},"16":{"start":{"line":25,"column":12},"end":{"line":25,"column":46}},"17":{"start":{"line":26,"column":12},"end":{"line":26,"column":46}},"18":{"start":{"line":27,"column":12},"end":{"line":27,"column":60}},"19":{"start":{"line":28,"column":12},"end":{"line":30,"column":13}},"20":{"start":{"line":29,"column":16},"end":{"line":29,"column":50}},"21":{"start":{"line":31,"column":12},"end":{"line":36,"column":13}},"22":{"start":{"line":32,"column":16},"end":{"line":32,"column":64}},"23":{"start":{"line":35,"column":16},"end":{"line":35,"column":92}},"24":{"start":{"line":37,"column":12},"end":{"line":37,"column":60}},"25":{"start":{"line":39,"column":8},"end":{"line":52,"column":11}},"26":{"start":{"line":40,"column":35},"end":{"line":40,"column":66}},"27":{"start":{"line":41,"column":12},"end":{"line":41,"column":44}},"28":{"start":{"line":42,"column":12},"end":{"line":42,"column":48}},"29":{"start":{"line":43,"column":12},"end":{"line":43,"column":79}},"30":{"start":{"line":44,"column":12},"end":{"line":50,"column":15}},"31":{"start":{"line":45,"column":40},"end":{"line":45,"column":70}},"32":{"start":{"line":46,"column":16},"end":{"line":46,"column":52}},"33":{"start":{"line":47,"column":16},"end":{"line":47,"column":52}},"34":{"start":{"line":48,"column":16},"end":{"line":48,"column":66}},"35":{"start":{"line":49,"column":16},"end":{"line":49,"column":68}},"36":{"start":{"line":51,"column":12},"end":{"line":51,"column":62}},"37":{"start":{"line":53,"column":8},"end":{"line":53,"column":30}},"38":{"start":{"line":56,"column":8},"end":{"line":56,"column":64}},"39":{"start":{"line":59,"column":25},"end":{"line":59,"column":71}},"40":{"start":{"line":60,"column":8},"end":{"line":60,"column":69}},"41":{"start":{"line":61,"column":8},"end":{"line":63,"column":11}},"42":{"start":{"line":62,"column":12},"end":{"line":62,"column":40}},"43":{"start":{"line":64,"column":8},"end":{"line":64,"column":24}},"44":{"start":{"line":67,"column":25},"end":{"line":67,"column":71}},"45":{"start":{"line":68,"column":8},"end":{"line":68,"column":69}},"46":{"start":{"line":69,"column":8},"end":{"line":71,"column":11}},"47":{"start":{"line":70,"column":12},"end":{"line":70,"column":40}},"48":{"start":{"line":72,"column":8},"end":{"line":72,"column":24}},"49":{"start":{"line":75,"column":25},"end":{"line":75,"column":71}},"50":{"start":{"line":76,"column":8},"end":{"line":76,"column":68}},"51":{"start":{"line":77,"column":8},"end":{"line":79,"column":11}},"52":{"start":{"line":78,"column":12},"end":{"line":78,"column":40}},"53":{"start":{"line":80,"column":8},"end":{"line":80,"column":24}},"54":{"start":{"line":83,"column":23},"end":{"line":83,"column":52}},"55":{"start":{"line":84,"column":8},"end":{"line":84,"column":68}},"56":{"start":{"line":85,"column":8},"end":{"line":85,"column":22}},"57":{"start":{"line":88,"column":23},"end":{"line":88,"column":52}},"58":{"start":{"line":89,"column":22},"end":{"line":89,"column":48}},"59":{"start":{"line":90,"column":8},"end":{"line":90,"column":69}},"60":{"start":{"line":91,"column":8},"end":{"line":93,"column":11}},"61":{"start":{"line":92,"column":12},"end":{"line":92,"column":66}},"62":{"start":{"line":94,"column":8},"end":{"line":94,"column":31}},"63":{"start":{"line":95,"column":8},"end":{"line":95,"column":22}},"64":{"start":{"line":98,"column":23},"end":{"line":98,"column":52}},"65":{"start":{"line":99,"column":23},"end":{"line":99,"column":50}},"66":{"start":{"line":100,"column":8},"end":{"line":100,"column":37}},"67":{"start":{"line":101,"column":8},"end":{"line":101,"column":29}},"68":{"start":{"line":102,"column":8},"end":{"line":102,"column":33}},"69":{"start":{"line":103,"column":8},"end":{"line":103,"column":22}},"70":{"start":{"line":106,"column":25},"end":{"line":106,"column":55}},"71":{"start":{"line":107,"column":8},"end":{"line":107,"column":43}},"72":{"start":{"line":108,"column":8},"end":{"line":110,"column":11}},"73":{"start":{"line":109,"column":12},"end":{"line":109,"column":75}},"74":{"start":{"line":111,"column":8},"end":{"line":111,"column":24}},"75":{"start":{"line":114,"column":23},"end":{"line":114,"column":48}},"76":{"start":{"line":115,"column":8},"end":{"line":115,"column":25}},"77":{"start":{"line":116,"column":8},"end":{"line":116,"column":29}},"78":{"start":{"line":117,"column":8},"end":{"line":117,"column":22}},"79":{"start":{"line":120,"column":0},"end":{"line":120,"column":28}}},"fnMap":{"0":{"name":"(anonymous_0)","decl":{"start":{"line":8,"column":4},"end":{"line":8,"column":5}},"loc":{"start":{"line":8,"column":24},"end":{"line":10,"column":5}},"line":8},"1":{"name":"(anonymous_1)","decl":{"start":{"line":11,"column":4},"end":{"line":11,"column":5}},"loc":{"start":{"line":11,"column":12},"end":{"line":13,"column":5}},"line":11},"2":{"name":"(anonymous_2)","decl":{"start":{"line":14,"column":4},"end":{"line":14,"column":5}},"loc":{"start":{"line":14,"column":20},"end":{"line":54,"column":5}},"line":14},"3":{"name":"(anonymous_3)","decl":{"start":{"line":23,"column":36},"end":{"line":23,"column":37}},"loc":{"start":{"line":23,"column":47},"end":{"line":38,"column":9}},"line":23},"4":{"name":"(anonymous_4)","decl":{"start":{"line":39,"column":45},"end":{"line":39,"column":46}},"loc":{"start":{"line":39,"column":57},"end":{"line":52,"column":9}},"line":39},"5":{"name":"(anonymous_5)","decl":{"start":{"line":44,"column":42},"end":{"line":44,"column":43}},"loc":{"start":{"line":44,"column":53},"end":{"line":50,"column":13}},"line":44},"6":{"name":"(anonymous_6)","decl":{"start":{"line":55,"column":4},"end":{"line":55,"column":5}},"loc":{"start":{"line":55,"column":48},"end":{"line":57,"column":5}},"line":55},"7":{"name":"(anonymous_7)","decl":{"start":{"line":58,"column":4},"end":{"line":58,"column":5}},"loc":{"start":{"line":58,"column":50},"end":{"line":65,"column":5}},"line":58},"8":{"name":"(anonymous_8)","decl":{"start":{"line":61,"column":24},"end":{"line":61,"column":25}},"loc":{"start":{"line":61,"column":36},"end":{"line":63,"column":9}},"line":61},"9":{"name":"(anonymous_9)","decl":{"start":{"line":66,"column":4},"end":{"line":66,"column":5}},"loc":{"start":{"line":66,"column":50},"end":{"line":73,"column":5}},"line":66},"10":{"name":"(anonymous_10)","decl":{"start":{"line":69,"column":24},"end":{"line":69,"column":25}},"loc":{"start":{"line":69,"column":36},"end":{"line":71,"column":9}},"line":69},"11":{"name":"(anonymous_11)","decl":{"start":{"line":74,"column":4},"end":{"line":74,"column":5}},"loc":{"start":{"line":74,"column":51},"end":{"line":81,"column":5}},"line":74},"12":{"name":"(anonymous_12)","decl":{"start":{"line":77,"column":24},"end":{"line":77,"column":25}},"loc":{"start":{"line":77,"column":36},"end":{"line":79,"column":9}},"line":77},"13":{"name":"(anonymous_13)","decl":{"start":{"line":82,"column":4},"end":{"line":82,"column":5}},"loc":{"start":{"line":82,"column":29},"end":{"line":86,"column":5}},"line":82},"14":{"name":"(anonymous_14)","decl":{"start":{"line":87,"column":4},"end":{"line":87,"column":5}},"loc":{"start":{"line":87,"column":35},"end":{"line":96,"column":5}},"line":87},"15":{"name":"(anonymous_15)","decl":{"start":{"line":91,"column":21},"end":{"line":91,"column":22}},"loc":{"start":{"line":91,"column":30},"end":{"line":93,"column":9}},"line":91},"16":{"name":"(anonymous_16)","decl":{"start":{"line":97,"column":4},"end":{"line":97,"column":5}},"loc":{"start":{"line":97,"column":37},"end":{"line":104,"column":5}},"line":97},"17":{"name":"(anonymous_17)","decl":{"start":{"line":105,"column":4},"end":{"line":105,"column":5}},"loc":{"start":{"line":105,"column":51},"end":{"line":112,"column":5}},"line":105},"18":{"name":"(anonymous_18)","decl":{"start":{"line":108,"column":28},"end":{"line":108,"column":29}},"loc":{"start":{"line":108,"column":37},"end":{"line":110,"column":9}},"line":108},"19":{"name":"(anonymous_19)","decl":{"start":{"line":113,"column":4},"end":{"line":113,"column":5}},"loc":{"start":{"line":113,"column":29},"end":{"line":118,"column":5}},"line":113}},"branchMap":{"0":{"loc":{"start":{"line":20,"column":8},"end":{"line":22,"column":9}},"type":"if","locations":[{"start":{"line":20,"column":8},"end":{"line":22,"column":9}},{"start":{"line":20,"column":8},"end":{"line":22,"column":9}}],"line":20},"1":{"loc":{"start":{"line":28,"column":12},"end":{"line":30,"column":13}},"type":"if","locations":[{"start":{"line":28,"column":12},"end":{"line":30,"column":13}},{"start":{"line":28,"column":12},"end":{"line":30,"column":13}}],"line":28},"2":{"loc":{"start":{"line":31,"column":12},"end":{"line":36,"column":13}},"type":"if","locations":[{"start":{"line":31,"column":12},"end":{"line":36,"column":13}},{"start":{"line":31,"column":12},"end":{"line":36,"column":13}}],"line":31},"3":{"loc":{"start":{"line":39,"column":9},"end":{"line":39,"column":35}},"type":"binary-expr","locations":[{"start":{"line":39,"column":9},"end":{"line":39,"column":29}},{"start":{"line":39,"column":33},"end":{"line":39,"column":35}}],"line":39},"4":{"loc":{"start":{"line":43,"column":48},"end":{"line":43,"column":77}},"type":"binary-expr","locations":[{"start":{"line":43,"column":48},"end":{"line":43,"column":68}},{"start":{"line":43,"column":72},"end":{"line":43,"column":77}}],"line":43},"5":{"loc":{"start":{"line":44,"column":13},"end":{"line":44,"column":32}},"type":"binary-expr","locations":[{"start":{"line":44,"column":13},"end":{"line":44,"column":26}},{"start":{"line":44,"column":30},"end":{"line":44,"column":32}}],"line":44},"6":{"loc":{"start":{"line":58,"column":18},"end":{"line":58,"column":34}},"type":"default-arg","locations":[{"start":{"line":58,"column":32},"end":{"line":58,"column":34}}],"line":58},"7":{"loc":{"start":{"line":58,"column":36},"end":{"line":58,"column":48}},"type":"default-arg","locations":[{"start":{"line":58,"column":46},"end":{"line":58,"column":48}}],"line":58},"8":{"loc":{"start":{"line":66,"column":18},"end":{"line":66,"column":34}},"type":"default-arg","locations":[{"start":{"line":66,"column":32},"end":{"line":66,"column":34}}],"line":66},"9":{"loc":{"start":{"line":66,"column":36},"end":{"line":66,"column":48}},"type":"default-arg","locations":[{"start":{"line":66,"column":46},"end":{"line":66,"column":48}}],"line":66},"10":{"loc":{"start":{"line":74,"column":19},"end":{"line":74,"column":35}},"type":"default-arg","locations":[{"start":{"line":74,"column":33},"end":{"line":74,"column":35}}],"line":74},"11":{"loc":{"start":{"line":74,"column":37},"end":{"line":74,"column":49}},"type":"default-arg","locations":[{"start":{"line":74,"column":47},"end":{"line":74,"column":49}}],"line":74},"12":{"loc":{"start":{"line":105,"column":33},"end":{"line":105,"column":49}},"type":"default-arg","locations":[{"start":{"line":105,"column":47},"end":{"line":105,"column":49}}],"line":105}},"s":{"0":1,"1":1,"2":1,"3":1,"4":1,"5":158,"6":159,"7":39,"8":39,"9":39,"10":39,"11":39,"12":39,"13":0,"14":39,"15":175,"16":175,"17":175,"18":175,"19":175,"20":0,"21":175,"22":88,"23":87,"24":175,"25":39,"26":43,"27":43,"28":43,"29":43,"30":43,"31":231,"32":231,"33":231,"34":231,"35":231,"36":43,"37":39,"38":16,"39":7,"40":7,"41":7,"42":14,"43":7,"44":7,"45":7,"46":7,"47":14,"48":7,"49":9,"50":9,"51":9,"52":0,"53":9,"54":24,"55":24,"56":24,"57":4,"58":4,"59":4,"60":4,"61":4,"62":4,"63":4,"64":0,"65":0,"66":0,"67":0,"68":0,"69":0,"70":23,"71":23,"72":23,"73":12,"74":23,"75":28,"76":28,"77":28,"78":28,"79":1},"f":{"0":158,"1":159,"2":39,"3":175,"4":43,"5":231,"6":16,"7":7,"8":14,"9":7,"10":14,"11":9,"12":0,"13":24,"14":4,"15":4,"16":0,"17":23,"18":12,"19":28},"b":{"0":[0,39],"1":[0,175],"2":[88,87],"3":[39,0],"4":[43,8],"5":[43,0],"6":[0],"7":[0],"8":[0],"9":[0],"10":[0],"11":[9],"12":[0]},"_coverageSchema":"43e27e138ebf9cfc5966b082cf9a028302ed4184","hash":"48e2c65af4d4edce18b3916cd6c3d66ea11a3c16","contentHash":"9c6e73a96c077c4bcc7a84194ff73597a9aebffa68545ca1c59aa4dd733a1726"},"D:\\COMP3800\\jesper\\cog-openai\\src\\client\\constants\\operators.ts":{"path":"D:\\COMP3800\\jesper\\cog-openai\\src\\client\\constants\\operators.ts","statementMap":{"0":{"start":{"line":2,"column":0},"end":{"line":2,"column":62}},"1":{"start":{"line":3,"column":0},"end":{"line":3,"column":31}},"2":{"start":{"line":4,"column":0},"end":{"line":11,"column":2}}},"fnMap":{},"branchMap":{},"s":{"0":1,"1":1,"2":1},"f":{},"b":{},"_coverageSchema":"43e27e138ebf9cfc5966b082cf9a028302ed4184","hash":"ff594e738c1745a6b801a39ac15945f60976c98d","contentHash":"41556d3a78812cb22c1f7ae95f358a4a6c9928fe09c3aeffe63fedc8fb33b048"},"D:\\COMP3800\\jesper\\cog-openai\\src\\steps\\completion\\completion-equals.ts":{"path":"D:\\COMP3800\\jesper\\cog-openai\\src\\steps\\completion\\completion-equals.ts","statementMap":{"0":{"start":{"line":2,"column":16},"end":{"line":10,"column":1}},"1":{"start":{"line":3,"column":28},"end":{"line":3,"column":110}},"2":{"start":{"line":3,"column":91},"end":{"line":3,"column":106}},"3":{"start":{"line":4,"column":4},"end":{"line":9,"column":7}},"4":{"start":{"line":5,"column":36},"end":{"line":5,"column":97}},"5":{"start":{"line":5,"column":42},"end":{"line":5,"column":70}},"6":{"start":{"line":5,"column":85},"end":{"line":5,"column":95}},"7":{"start":{"line":6,"column":35},"end":{"line":6,"column":100}},"8":{"start":{"line":6,"column":41},"end":{"line":6,"column":73}},"9":{"start":{"line":6,"column":88},"end":{"line":6,"column":98}},"10":{"start":{"line":7,"column":32},"end":{"line":7,"column":116}},"11":{"start":{"line":8,"column":8},"end":{"line":8,"column":78}},"12":{"start":{"line":11,"column":0},"end":{"line":11,"column":62}},"13":{"start":{"line":12,"column":0},"end":{"line":12,"column":49}},"14":{"start":{"line":13,"column":13},"end":{"line":13,"column":44}},"15":{"start":{"line":14,"column":20},"end":{"line":14,"column":51}},"16":{"start":{"line":15,"column":17},"end":{"line":15,"column":46}},"17":{"start":{"line":16,"column":20},"end":{"line":16,"column":63}},"18":{"start":{"line":19,"column":8},"end":{"line":19,"column":28}},"19":{"start":{"line":20,"column":8},"end":{"line":20,"column":75}},"20":{"start":{"line":21,"column":8},"end":{"line":21,"column":276}},"21":{"start":{"line":22,"column":8},"end":{"line":22,"column":64}},"22":{"start":{"line":23,"column":8},"end":{"line":23,"column":36}},"23":{"start":{"line":24,"column":8},"end":{"line":24,"column":41}},"24":{"start":{"line":25,"column":8},"end":{"line":44,"column":15}},"25":{"start":{"line":45,"column":8},"end":{"line":70,"column":15}},"26":{"start":{"line":73,"column":8},"end":{"line":100,"column":11}},"27":{"start":{"line":74,"column":29},"end":{"line":74,"column":80}},"28":{"start":{"line":75,"column":36},"end":{"line":75,"column":44}},"29":{"start":{"line":76,"column":31},"end":{"line":76,"column":39}},"30":{"start":{"line":77,"column":30},"end":{"line":77,"column":38}},"31":{"start":{"line":78,"column":29},"end":{"line":78,"column":54}},"32":{"start":{"line":79,"column":12},"end":{"line":99,"column":13}},"33":{"start":{"line":80,"column":33},"end":{"line":80,"column":35}},"34":{"start":{"line":81,"column":32},"end":{"line":81,"column":34}},"35":{"start":{"line":82,"column":16},"end":{"line":82,"column":41}},"36":{"start":{"line":83,"column":16},"end":{"line":83,"column":44}},"37":{"start":{"line":84,"column":16},"end":{"line":84,"column":39}},"38":{"start":{"line":85,"column":35},"end":{"line":85,"column":87}},"39":{"start":{"line":86,"column":31},"end":{"line":86,"column":68}},"40":{"start":{"line":87,"column":31},"end":{"line":87,"column":85}},"41":{"start":{"line":88,"column":32},"end":{"line":88,"column":84}},"42":{"start":{"line":89,"column":16},"end":{"line":89,"column":118}},"43":{"start":{"line":92,"column":16},"end":{"line":94,"column":17}},"44":{"start":{"line":93,"column":20},"end":{"line":93,"column":121}},"45":{"start":{"line":95,"column":16},"end":{"line":97,"column":17}},"46":{"start":{"line":96,"column":20},"end":{"line":96,"column":113}},"47":{"start":{"line":98,"column":16},"end":{"line":98,"column":113}},"48":{"start":{"line":103,"column":24},"end":{"line":103,"column":26}},"49":{"start":{"line":104,"column":8},"end":{"line":104,"column":89}},"50":{"start":{"line":105,"column":8},"end":{"line":105,"column":125}},"51":{"start":{"line":106,"column":8},"end":{"line":106,"column":23}},"52":{"start":{"line":109,"column":0},"end":{"line":109,"column":44}},"53":{"start":{"line":110,"column":0},"end":{"line":110,"column":32}}},"fnMap":{"0":{"name":"(anonymous_0)","decl":{"start":{"line":2,"column":44},"end":{"line":2,"column":45}},"loc":{"start":{"line":2,"column":89},"end":{"line":10,"column":1}},"line":2},"1":{"name":"adopt","decl":{"start":{"line":3,"column":13},"end":{"line":3,"column":18}},"loc":{"start":{"line":3,"column":26},"end":{"line":3,"column":112}},"line":3},"2":{"name":"(anonymous_2)","decl":{"start":{"line":3,"column":70},"end":{"line":3,"column":71}},"loc":{"start":{"line":3,"column":89},"end":{"line":3,"column":108}},"line":3},"3":{"name":"(anonymous_3)","decl":{"start":{"line":4,"column":36},"end":{"line":4,"column":37}},"loc":{"start":{"line":4,"column":63},"end":{"line":9,"column":5}},"line":4},"4":{"name":"fulfilled","decl":{"start":{"line":5,"column":17},"end":{"line":5,"column":26}},"loc":{"start":{"line":5,"column":34},"end":{"line":5,"column":99}},"line":5},"5":{"name":"rejected","decl":{"start":{"line":6,"column":17},"end":{"line":6,"column":25}},"loc":{"start":{"line":6,"column":33},"end":{"line":6,"column":102}},"line":6},"6":{"name":"step","decl":{"start":{"line":7,"column":17},"end":{"line":7,"column":21}},"loc":{"start":{"line":7,"column":30},"end":{"line":7,"column":118}},"line":7},"7":{"name":"(anonymous_7)","decl":{"start":{"line":18,"column":4},"end":{"line":18,"column":5}},"loc":{"start":{"line":18,"column":18},"end":{"line":71,"column":5}},"line":18},"8":{"name":"(anonymous_8)","decl":{"start":{"line":72,"column":4},"end":{"line":72,"column":5}},"loc":{"start":{"line":72,"column":22},"end":{"line":101,"column":5}},"line":72},"9":{"name":"(anonymous_9)","decl":{"start":{"line":73,"column":47},"end":{"line":73,"column":48}},"loc":{"start":{"line":73,"column":60},"end":{"line":100,"column":9}},"line":73},"10":{"name":"(anonymous_10)","decl":{"start":{"line":102,"column":4},"end":{"line":102,"column":5}},"loc":{"start":{"line":102,"column":45},"end":{"line":107,"column":5}},"line":102}},"branchMap":{"0":{"loc":{"start":{"line":2,"column":16},"end":{"line":10,"column":1}},"type":"binary-expr","locations":[{"start":{"line":2,"column":17},"end":{"line":2,"column":21}},{"start":{"line":2,"column":25},"end":{"line":2,"column":39}},{"start":{"line":2,"column":44},"end":{"line":10,"column":1}}],"line":2},"1":{"loc":{"start":{"line":3,"column":35},"end":{"line":3,"column":109}},"type":"cond-expr","locations":[{"start":{"line":3,"column":56},"end":{"line":3,"column":61}},{"start":{"line":3,"column":64},"end":{"line":3,"column":109}}],"line":3},"2":{"loc":{"start":{"line":4,"column":16},"end":{"line":4,"column":34}},"type":"binary-expr","locations":[{"start":{"line":4,"column":16},"end":{"line":4,"column":17}},{"start":{"line":4,"column":22},"end":{"line":4,"column":33}}],"line":4},"3":{"loc":{"start":{"line":7,"column":32},"end":{"line":7,"column":115}},"type":"cond-expr","locations":[{"start":{"line":7,"column":46},"end":{"line":7,"column":67}},{"start":{"line":7,"column":70},"end":{"line":7,"column":115}}],"line":7},"4":{"loc":{"start":{"line":8,"column":51},"end":{"line":8,"column":67}},"type":"binary-expr","locations":[{"start":{"line":8,"column":51},"end":{"line":8,"column":61}},{"start":{"line":8,"column":65},"end":{"line":8,"column":67}}],"line":8},"5":{"loc":{"start":{"line":74,"column":29},"end":{"line":74,"column":80}},"type":"cond-expr","locations":[{"start":{"line":74,"column":46},"end":{"line":74,"column":75}},{"start":{"line":74,"column":78},"end":{"line":74,"column":80}}],"line":74},"6":{"loc":{"start":{"line":78,"column":29},"end":{"line":78,"column":54}},"type":"binary-expr","locations":[{"start":{"line":78,"column":29},"end":{"line":78,"column":46}},{"start":{"line":78,"column":50},"end":{"line":78,"column":54}}],"line":78},"7":{"loc":{"start":{"line":89,"column":23},"end":{"line":89,"column":117}},"type":"cond-expr","locations":[{"start":{"line":89,"column":38},"end":{"line":89,"column":76}},{"start":{"line":89,"column":79},"end":{"line":89,"column":117}}],"line":89},"8":{"loc":{"start":{"line":92,"column":16},"end":{"line":94,"column":17}},"type":"if","locations":[{"start":{"line":92,"column":16},"end":{"line":94,"column":17}},{"start":{"line":92,"column":16},"end":{"line":94,"column":17}}],"line":92},"9":{"loc":{"start":{"line":95,"column":16},"end":{"line":97,"column":17}},"type":"if","locations":[{"start":{"line":95,"column":16},"end":{"line":97,"column":17}},{"start":{"line":95,"column":16},"end":{"line":97,"column":17}}],"line":95},"10":{"loc":{"start":{"line":102,"column":30},"end":{"line":102,"column":43}},"type":"default-arg","locations":[{"start":{"line":102,"column":42},"end":{"line":102,"column":43}}],"line":102}},"s":{"0":1,"1":2,"2":0,"3":3,"4":2,"5":2,"6":0,"7":0,"8":0,"9":0,"10":5,"11":3,"12":1,"13":1,"14":1,"15":1,"16":1,"17":1,"18":20,"19":20,"20":20,"21":20,"22":20,"23":20,"24":20,"25":20,"26":3,"27":3,"28":3,"29":3,"30":3,"31":3,"32":3,"33":3,"34":3,"35":3,"36":3,"37":3,"38":3,"39":2,"40":2,"41":2,"42":2,"43":1,"44":0,"45":1,"46":0,"47":1,"48":2,"49":2,"50":2,"51":2,"52":1,"53":1},"f":{"0":3,"1":2,"2":0,"3":3,"4":2,"5":0,"6":5,"7":20,"8":3,"9":3,"10":2},"b":{"0":[1,1,1],"1":[2,0],"2":[3,3],"3":[3,2],"4":[3,3],"5":[2,1],"6":[3,1],"7":[1,1],"8":[0,1],"9":[0,1],"10":[2]},"_coverageSchema":"43e27e138ebf9cfc5966b082cf9a028302ed4184","hash":"0375af6c1fce36cd57eb8489c00cc757ff8b94ce","contentHash":"6bfc3ea3724c7a5cd9c80ee26ebb949291b45e8c29b1a942781d5afd104b389b"},"D:\\COMP3800\\jesper\\cog-openai\\src\\steps\\completion\\completion-readability.ts":{"path":"D:\\COMP3800\\jesper\\cog-openai\\src\\steps\\completion\\completion-readability.ts","statementMap":{"0":{"start":{"line":2,"column":16},"end":{"line":10,"column":1}},"1":{"start":{"line":3,"column":28},"end":{"line":3,"column":110}},"2":{"start":{"line":3,"column":91},"end":{"line":3,"column":106}},"3":{"start":{"line":4,"column":4},"end":{"line":9,"column":7}},"4":{"start":{"line":5,"column":36},"end":{"line":5,"column":97}},"5":{"start":{"line":5,"column":42},"end":{"line":5,"column":70}},"6":{"start":{"line":5,"column":85},"end":{"line":5,"column":95}},"7":{"start":{"line":6,"column":35},"end":{"line":6,"column":100}},"8":{"start":{"line":6,"column":41},"end":{"line":6,"column":73}},"9":{"start":{"line":6,"column":88},"end":{"line":6,"column":98}},"10":{"start":{"line":7,"column":32},"end":{"line":7,"column":116}},"11":{"start":{"line":8,"column":8},"end":{"line":8,"column":78}},"12":{"start":{"line":11,"column":0},"end":{"line":11,"column":62}},"13":{"start":{"line":12,"column":0},"end":{"line":12,"column":54}},"14":{"start":{"line":13,"column":13},"end":{"line":13,"column":44}},"15":{"start":{"line":14,"column":20},"end":{"line":14,"column":51}},"16":{"start":{"line":15,"column":17},"end":{"line":15,"column":46}},"17":{"start":{"line":16,"column":20},"end":{"line":16,"column":63}},"18":{"start":{"line":19,"column":8},"end":{"line":19,"column":28}},"19":{"start":{"line":20,"column":8},"end":{"line":20,"column":88}},"20":{"start":{"line":21,"column":8},"end":{"line":21,"column":242}},"21":{"start":{"line":22,"column":8},"end":{"line":22,"column":64}},"22":{"start":{"line":23,"column":8},"end":{"line":23,"column":36}},"23":{"start":{"line":24,"column":8},"end":{"line":24,"column":41}},"24":{"start":{"line":25,"column":8},"end":{"line":44,"column":15}},"25":{"start":{"line":45,"column":8},"end":{"line":82,"column":15}},"26":{"start":{"line":85,"column":8},"end":{"line":108,"column":9}},"27":{"start":{"line":86,"column":12},"end":{"line":86,"column":137}},"28":{"start":{"line":88,"column":13},"end":{"line":108,"column":9}},"29":{"start":{"line":89,"column":12},"end":{"line":89,"column":117}},"30":{"start":{"line":91,"column":13},"end":{"line":108,"column":9}},"31":{"start":{"line":92,"column":12},"end":{"line":92,"column":86}},"32":{"start":{"line":94,"column":13},"end":{"line":108,"column":9}},"33":{"start":{"line":95,"column":12},"end":{"line":95,"column":136}},"34":{"start":{"line":97,"column":13},"end":{"line":108,"column":9}},"35":{"start":{"line":98,"column":12},"end":{"line":98,"column":100}},"36":{"start":{"line":100,"column":13},"end":{"line":108,"column":9}},"37":{"start":{"line":101,"column":12},"end":{"line":101,"column":82}},"38":{"start":{"line":103,"column":13},"end":{"line":108,"column":9}},"39":{"start":{"line":104,"column":12},"end":{"line":104,"column":137}},"40":{"start":{"line":107,"column":12},"end":{"line":107,"column":138}},"41":{"start":{"line":111,"column":8},"end":{"line":128,"column":9}},"42":{"start":{"line":113,"column":16},"end":{"line":113,"column":26}},"43":{"start":{"line":115,"column":16},"end":{"line":115,"column":26}},"44":{"start":{"line":117,"column":16},"end":{"line":117,"column":26}},"45":{"start":{"line":119,"column":16},"end":{"line":119,"column":26}},"46":{"start":{"line":121,"column":16},"end":{"line":121,"column":26}},"47":{"start":{"line":123,"column":16},"end":{"line":123,"column":26}},"48":{"start":{"line":125,"column":16},"end":{"line":125,"column":26}},"49":{"start":{"line":127,"column":16},"end":{"line":127,"column":25}},"50":{"start":{"line":131,"column":26},"end":{"line":131,"column":48}},"51":{"start":{"line":132,"column":22},"end":{"line":132,"column":37}},"52":{"start":{"line":133,"column":26},"end":{"line":133,"column":60}},"53":{"start":{"line":134,"column":22},"end":{"line":134,"column":109}},"54":{"start":{"line":135,"column":8},"end":{"line":135,"column":21}},"55":{"start":{"line":138,"column":8},"end":{"line":179,"column":11}},"56":{"start":{"line":139,"column":29},"end":{"line":139,"column":80}},"57":{"start":{"line":140,"column":40},"end":{"line":140,"column":60}},"58":{"start":{"line":141,"column":31},"end":{"line":141,"column":39}},"59":{"start":{"line":142,"column":30},"end":{"line":142,"column":38}},"60":{"start":{"line":143,"column":29},"end":{"line":143,"column":54}},"61":{"start":{"line":144,"column":12},"end":{"line":178,"column":13}},"62":{"start":{"line":145,"column":33},"end":{"line":145,"column":35}},"63":{"start":{"line":146,"column":32},"end":{"line":146,"column":34}},"64":{"start":{"line":147,"column":16},"end":{"line":147,"column":41}},"65":{"start":{"line":148,"column":16},"end":{"line":148,"column":44}},"66":{"start":{"line":149,"column":16},"end":{"line":149,"column":39}},"67":{"start":{"line":150,"column":35},"end":{"line":150,"column":87}},"68":{"start":{"line":151,"column":33},"end":{"line":151,"column":70}},"69":{"start":{"line":152,"column":47},"end":{"line":152,"column":104}},"70":{"start":{"line":153,"column":50},"end":{"line":153,"column":120}},"71":{"start":{"line":154,"column":38},"end":{"line":154,"column":105}},"72":{"start":{"line":155,"column":36},"end":{"line":155,"column":67}},"73":{"start":{"line":156,"column":31},"end":{"line":156,"column":114}},"74":{"start":{"line":157,"column":34},"end":{"line":166,"column":17}},"75":{"start":{"line":167,"column":32},"end":{"line":167,"column":83}},"76":{"start":{"line":168,"column":16},"end":{"line":168,"column":118}},"77":{"start":{"line":171,"column":16},"end":{"line":173,"column":17}},"78":{"start":{"line":172,"column":20},"end":{"line":172,"column":121}},"79":{"start":{"line":174,"column":16},"end":{"line":176,"column":17}},"80":{"start":{"line":175,"column":20},"end":{"line":175,"column":113}},"81":{"start":{"line":177,"column":16},"end":{"line":177,"column":109}},"82":{"start":{"line":182,"column":24},"end":{"line":182,"column":26}},"83":{"start":{"line":183,"column":8},"end":{"line":183,"column":86}},"84":{"start":{"line":184,"column":8},"end":{"line":184,"column":122}},"85":{"start":{"line":185,"column":8},"end":{"line":185,"column":23}},"86":{"start":{"line":188,"column":0},"end":{"line":188,"column":54}},"87":{"start":{"line":189,"column":0},"end":{"line":189,"column":37}}},"fnMap":{"0":{"name":"(anonymous_0)","decl":{"start":{"line":2,"column":44},"end":{"line":2,"column":45}},"loc":{"start":{"line":2,"column":89},"end":{"line":10,"column":1}},"line":2},"1":{"name":"adopt","decl":{"start":{"line":3,"column":13},"end":{"line":3,"column":18}},"loc":{"start":{"line":3,"column":26},"end":{"line":3,"column":112}},"line":3},"2":{"name":"(anonymous_2)","decl":{"start":{"line":3,"column":70},"end":{"line":3,"column":71}},"loc":{"start":{"line":3,"column":89},"end":{"line":3,"column":108}},"line":3},"3":{"name":"(anonymous_3)","decl":{"start":{"line":4,"column":36},"end":{"line":4,"column":37}},"loc":{"start":{"line":4,"column":63},"end":{"line":9,"column":5}},"line":4},"4":{"name":"fulfilled","decl":{"start":{"line":5,"column":17},"end":{"line":5,"column":26}},"loc":{"start":{"line":5,"col
[...]
":20,"23":20,"24":20,"25":20,"26":20,"27":3,"28":3,"29":3,"30":3,"31":3,"32":3,"33":3,"34":3,"35":0,"36":3,"37":3,"38":3,"39":3,"40":3,"41":3,"42":3,"43":3,"44":2,"45":2,"46":2,"47":2,"48":2,"49":2,"50":2,"51":1,"52":0,"53":1,"54":0,"55":1,"56":2,"57":2,"58":2,"59":2,"60":1,"61":1},"f":{"0":3,"1":2,"2":0,"3":3,"4":2,"5":0,"6":5,"7":20,"8":3,"9":3,"10":2},"b":{"0":[1,1,1],"1":[2,0],"2":[3,3],"3":[3,2],"4":[3,3],"5":[2,1],"6":[3,1],"7":[3,1],"8":[0,3],"9":[3,3],"10":[0,3],"11":[0,2],"12":[2,2],"13":[1,1],"14":[0,1],"15":[0,1],"16":[2]},"_coverageSchema":"43e27e138ebf9cfc5966b082cf9a028302ed4184","hash":"8414db0f49c44e4ff29ba8fc7f70940e967aad9f","contentHash":"8f7cc403c50febc228ca5498368ce7bddc2dc8ed451658f14857f5d07e006c4d"},"D:\\COMP3800\\jesper\\cog-openai\\src\\steps\\completion\\completion-word-count.ts":{"path":"D:\\COMP3800\\jesper\\cog-openai\\src\\steps\\completion\\completion-word-count.ts","statementMap":{"0":{"start":{"line":2,"column":16},"end":{"line":10,"column":1}},"1":{"start":{"line":3,"column":28},"end":{"line":3,"column":110}},"2":{"start":{"line":3,"column":91},"end":{"line":3,"column":106}},"3":{"start":{"line":4,"column":4},"end":{"line":9,"column":7}},"4":{"start":{"line":5,"column":36},"end":{"line":5,"column":97}},"5":{"start":{"line":5,"column":42},"end":{"line":5,"column":70}},"6":{"start":{"line":5,"column":85},"end":{"line":5,"column":95}},"7":{"start":{"line":6,"column":35},"end":{"line":6,"column":100}},"8":{"start":{"line":6,"column":41},"end":{"line":6,"column":73}},"9":{"start":{"line":6,"column":88},"end":{"line":6,"column":98}},"10":{"start":{"line":7,"column":32},"end":{"line":7,"column":116}},"11":{"start":{"line":8,"column":8},"end":{"line":8,"column":78}},"12":{"start":{"line":11,"column":0},"end":{"line":11,"column":62}},"13":{"start":{"line":12,"column":0},"end":{"line":12,"column":52}},"14":{"start":{"line":13,"column":13},"end":{"line":13,"column":44}},"15":{"start":{"line":14,"column":20},"end":{"line":14,"column":51}},"16":{"start":{"line":15,"column":17},"end":{"line":15,"column":46}},"17":{"start":{"line":16,"column":20},"end":{"line":16,"column":63}},"18":{"start":{"line":19,"column":8},"end":{"line":19,"column":28}},"19":{"start":{"line":20,"column":8},"end":{"line":20,"column":86}},"20":{"start":{"line":21,"column":8},"end":{"line":21,"column":292}},"21":{"start":{"line":22,"column":8},"end":{"line":22,"column":64}},"22":{"start":{"line":23,"column":8},"end":{"line":23,"column":36}},"23":{"start":{"line":24,"column":8},"end":{"line":24,"column":41}},"24":{"start":{"line":25,"column":8},"end":{"line":44,"column":15}},"25":{"start":{"line":45,"column":8},"end":{"line":74,"column":15}},"26":{"start":{"line":77,"column":8},"end":{"line":77,"column":38}},"27":{"start":{"line":80,"column":8},"end":{"line":116,"column":11}},"28":{"start":{"line":81,"column":29},"end":{"line":81,"column":80}},"29":{"start":{"line":82,"column":36},"end":{"line":82,"column":44}},"30":{"start":{"line":83,"column":31},"end":{"line":83,"column":39}},"31":{"start":{"line":84,"column":30},"end":{"line":84,"column":38}},"32":{"start":{"line":85,"column":29},"end":{"line":85,"column":54}},"33":{"start":{"line":86,"column":12},"end":{"line":115,"column":13}},"34":{"start":{"line":87,"column":33},"end":{"line":87,"column":35}},"35":{"start":{"line":88,"column":32},"end":{"line":88,"column":34}},"36":{"start":{"line":89,"column":16},"end":{"line":89,"column":41}},"37":{"start":{"line":90,"column":16},"end":{"line":90,"column":44}},"38":{"start":{"line":91,"column":16},"end":{"line":91,"column":39}},"39":{"start":{"line":92,"column":35},"end":{"line":92,"column":87}},"40":{"start":{"line":93,"column":33},"end":{"line":93,"column":70}},"41":{"start":{"line":94,"column":31},"end":{"line":94,"column":73}},"42":{"start":{"line":95,"column":31},"end":{"line":95,"column":107}},"43":{"start":{"line":96,"column":34},"end":{"line":103,"column":17}},"44":{"start":{"line":104,"column":32},"end":{"line":104,"column":83}},"45":{"start":{"line":105,"column":16},"end":{"line":105,"column":118}},"46":{"start":{"line":108,"column":16},"end":{"line":110,"column":17}},"47":{"start":{"line":109,"column":20},"end":{"line":109,"column":121}},"48":{"start":{"line":111,"column":16},"end":{"line":113,"column":17}},"49":{"start":{"line":112,"column":20},"end":{"line":112,"column":113}},"50":{"start":{"line":114,"column":16},"end":{"line":114,"column":113}},"51":{"start":{"line":119,"column":24},"end":{"line":119,"column":26}},"52":{"start":{"line":120,"column":8},"end":{"line":120,"column":84}},"53":{"start":{"line":121,"column":8},"end":{"line":121,"column":120}},"54":{"start":{"line":122,"column":8},"end":{"line":122,"column":23}},"55":{"start":{"line":125,"column":0},"end":{"line":125,"column":50}},"56":{"start":{"line":126,"column":0},"end":{"line":126,"column":35}}},"fnMap":{"0":{"name":"(anonymous_0)","decl":{"start":{"line":2,"column":44},"end":{"line":2,"column":45}},"loc":{"start":{"line":2,"column":89},"end":{"line":10,"column":1}},"line":2},"1":{"name":"adopt","decl":{"start":{"line":3,"column":13},"end":{"line":3,"column":18}},"loc":{"start":{"line":3,"column":26},"end":{"line":3,"column":112}},"line":3},"2":{"name":"(anonymous_2)","decl":{"start":{"line":3,"column":70},"end":{"line":3,"column":71}},"loc":{"start":{"line":3,"column":89},"end":{"line":3,"column":108}},"line":3},"3":{"name":"(anonymous_3)","decl":{"start":{"line":4,"column":36},"end":{"line":4,"column":37}},"loc":{"start":{"line":4,"column":63},"end":{"line":9,"column":5}},"line":4},"4":{"name":"fulfilled","decl":{"start":{"line":5,"column":17},"end":{"line":5,"column":26}},"loc":{"start":{"line":5,"column":34},"end":{"line":5,"column":99}},"line":5},"5":{"name":"rejected","decl":{"start":{"line":6,"column":17},"end":{"line":6,"column":25}},"loc":{"start":{"line":6,"column":33},"end":{"line":6,"column":102}},"line":6},"6":{"name":"step","decl":{"start":{"line":7,"column":17},"end":{"line":7,"column":21}},"loc":{"start":{"line":7,"column":30},"end":{"line":7,"column":118}},"line":7},"7":{"name":"(anonymous_7)","decl":{"start":{"line":18,"column":4},"end":{"line":18,"column":5}},"loc":{"start":{"line":18,"column":18},"end":{"line":75,"column":5}},"line":18},"8":{"name":"(anonymous_8)","decl":{"start":{"line":76,"column":4},"end":{"line":76,"column":5}},"loc":{"start":{"line":76,"column":30},"end":{"line":78,"column":5}},"line":76},"9":{"name":"(anonymous_9)","decl":{"start":{"line":79,"column":4},"end":{"line":79,"column":5}},"loc":{"start":{"line":79,"column":22},"end":{"line":117,"column":5}},"line":79},"10":{"name":"(anonymous_10)","decl":{"start":{"line":80,"column":47},"end":{"line":80,"column":48}},"loc":{"start":{"line":80,"column":60},"end":{"line":116,"column":9}},"line":80},"11":{"name":"(anonymous_11)","decl":{"start":{"line":118,"column":4},"end":{"line":118,"column":5}},"loc":{"start":{"line":118,"column":45},"end":{"line":123,"column":5}},"line":118}},"branchMap":{"0":{"loc":{"start":{"line":2,"column":16},"end":{"line":10,"column":1}},"type":"binary-expr","locations":[{"start":{"line":2,"column":17},"end":{"line":2,"column":21}},{"start":{"line":2,"column":25},"end":{"line":2,"column":39}},{"start":{"line":2,"column":44},"end":{"line":10,"column":1}}],"line":2},"1":{"loc":{"start":{"line":3,"column":35},"end":{"line":3,"column":109}},"type":"cond-expr","locations":[{"start":{"line":3,"column":56},"end":{"line":3,"column":61}},{"start":{"line":3,"column":64},"end":{"line":3,"column":109}}],"line":3},"2":{"loc":{"start":{"line":4,"column":16},"end":{"line":4,"column":34}},"type":"binary-expr","locations":[{"start":{"line":4,"column":16},"end":{"line":4,"column":17}},{"start":{"line":4,"column":22},"end":{"line":4,"column":33}}],"line":4},"3":{"loc":{"start":{"line":7,"column":32},"end":{"line":7,"column":115}},"type":"cond-expr","locations":[{"start":{"line":7,"column":46},"end":{"line":7,"column":67}},{"start":{"line":7,"column":70},"end":{"line":7,"column":115}}],"line":7},"4":{"loc":{"start":{"line":8,"column":51},"end":{"line":8,"column":67}},"type":"binary-expr","locations":[{"start":{"line":8,"column":51},"end":{"line":8,"column":61}},{"start":{"line":8,"column":65},"end":{"line":8,"column":67}}],"line":8},"5":{"loc":{"start":{"line":81,"column":29},"end":{"line":81,"column":80}},"type":"cond-expr","locations":[{"start":{"line":81,"column":46},"end":{"line":81,"column":75}},{"start":{"line":81,"column":78},"end":{"line":81,"column":80}}],"line":81},"6":{"loc":{"start":{"line":85,"column":29},"end":{"line":85,"column":54}},"type":"binary-expr","locations":[{"start":{"line":85,"column":29},"end":{"line":85,"column":46}},{"start":{"line":85,"column":50},"end":{"line":85,"column":54}}],"line":85},"7":{"loc":{"start":{"line":105,"column":23},"end":{"line":105,"column":117}},"type":"cond-expr","locations":[{"start":{"line":105,"column":38},"end":{"line":105,"column":76}},{"start":{"line":105,"column":79},"end":{"line":105,"column":117}}],"line":105},"8":{"loc":{"start":{"line":108,"column":16},"end":{"line":110,"column":17}},"type":"if","locations":[{"start":{"line":108,"column":16},"end":{"line":110,"column":17}},{"start":{"line":108,"column":16},"end":{"line":110,"column":17}}],"line":108},"9":{"loc":{"start":{"line":111,"column":16},"end":{"line":113,"column":17}},"type":"if","locations":[{"start":{"line":111,"column":16},"end":{"line":113,"column":17}},{"start":{"line":111,"column":16},"end":{"line":113,"column":17}}],"line":111},"10":{"loc":{"start":{"line":118,"column":30},"end":{"line":118,"column":43}},"type":"default-arg","locations":[{"start":{"line":118,"column":42},"end":{"line":118,"column":43}}],"line":118}},"s":{"0":1,"1":2,"2":0,"3":3,"4":2,"5":2,"6":0,"7":0,"8":0,"9":0,"10":5,"11":3,"12":1,"13":1,"14":1,"15":1,"16":1,"17":1,"18":20,"19":20,"20":20,"21":20,"22":20,"23":20,"24":20,"25":20,"26":2,"27":3,"28":3,"29":3,"30":3,"31":3,"32":3,"33":3,"34":3,"35":3,"36":3,"37":3,"38":3,"39":3,"40":2,"41":2,"42":2,"43":2,"44":2,"45":2,"46":1,"47":0,"48":1,"49":0,"50":1,"51":2,"52":2,"53":2,"54":2,"55":1,"56":1},"f":{"0":3,"1":2,"2":0,"3":3,"4":2,"5":0,"6":5,"7":20,"8":2,"9":3,"10":3,"11":2},"b":{"0":[1,1,1],"1":[2,0],"2":[3,3],"3":[3,2],"4":[3,3],"5":[2,1],"6":[3,1],"7":[1,1],"8":[0,1],"9":[0,1],"10":[2]},"_coverageSchema":"43e27e138ebf9cfc5966b082cf9a028302ed4184","hash":"896499c0e4deba546db387dedfde885e106c925c","contentHash":"b2650bd5d1ea55c79edd5ea999a59b2ba095d8dc4592b8a4535731047e553e0a"},"D:\\COMP3800\\jesper\\cog-openai\\src\\steps\\embeddings\\embeddings-cosine-similarity.ts":{"path":"D:\\COMP3800\\jesper\\cog-openai\\src\\steps\\embeddings\\embeddings-cosine-similarity.ts","statementMap":{"0":{"start":{"line":2,"column":16},"end":{"line":10,"column":1}},"1":{"start":{"line":3,"column":28},"end":{"line":3,"column":110}},"2":{"start":{"line":3,"column":91},"end":{"line":3,"column":106}},"3":{"start":{"line":4,"column":4},"end":{"line":9,"column":7}},"4":{"start":{"line":5,"column":36},"end":{"line":5,"column":97}},"5":{"start":{"line":5,"column":42},"end":{"line":5,"column":70}},"6":{"start":{"line":5,"column":85},"end":{"line":5,"column":95}},"7":{"start":{"line":6,"column":35},"end":{"line":6,"column":100}},"8":{"start":{"line":6,"column":41},"end":{"line":6,"column":73}},"9":{"start":{"line":6,"column":88},"end":{"line":6,"column":98}},"10":{"start":{"line":7,"column":32},"end":{"line":7,"column":116}},"11":{"start":{"line":8,"column":8},"end":{"line":8,"column":78}},"12":{"start":{"line":11,"column":0},"end":{"line":11,"column":62}},"13":{"start":{"line":12,"column":0},"end":{"line":12,"column":59}},"14":{"start":{"line":13,"column":13},"end":{"line":13,"column":44}},"15":{"start":{"line":14,"column":20},"end":{"line":14,"column":51}},"16":{"start":{"line":15,"column":17},"end":{"line":15,"column":46}},"17":{"start":{"line":16,"column":20},"end":{"line":16,"column":63}},"18":{"start":{"line":17,"column":19},"end":{"line":17,"column":55}},"19":{"start":{"line":20,"column":8},"end":{"line":20,"column":28}},"20":{"start":{"line":21,"column":8},"end":{"line":21,"column":94}},"21":{"start":{"line":22,"column":8},"end":{"line":22,"column":317}},"22":{"start":{"line":23,"column":8},"end":{"line":23,"column":64}},"23":{"start":{"line":24,"column":8},"end":{"line":24,"column":36}},"24":{"start":{"line":25,"column":8},"end":{"line":25,"column":41}},"25":{"start":{"line":26,"column":8},"end":{"line":48,"column":15}},"26":{"start":{"line":49,"column":8},"end":{"line":78,"column":15}},"27":{"start":{"line":81,"column":8},"end":{"line":113,"column":11}},"28":{"start":{"line":82,"column":29},"end":{"line":82,"column":80}},"29":{"start":{"line":83,"column":30},"end":{"line":83,"column":38}},"30":{"start":{"line":84,"column":30},"end":{"line":84,"column":38}},"31":{"start":{"line":85,"column":26},"end":{"line":85,"column":68}},"32":{"start":{"line":86,"column":39},"end":{"line":86,"column":64}},"33":{"start":{"line":87,"column":29},"end":{"line":87,"column":54}},"34":{"start":{"line":88,"column":12},"end":{"line":112,"column":13}},"35":{"start":{"line":89,"column":46},"end":{"line":89,"column":91}},"36":{"start":{"line":90,"column":46},"end":{"line":90,"column":91}},"37":{"start":{"line":91,"column":41},"end":{"line":91,"column":133}},"38":{"start":{"line":92,"column":31},"end":{"line":92,"column":124}},"39":{"start":{"line":93,"column":34},"end":{"line":100,"column":17}},"40":{"start":{"line":101,"column":32},"end":{"line":101,"column":83}},"41":{"start":{"line":102,"column":16},"end":{"line":102,"column":118}},"42":{"start":{"line":105,"column":16},"end":{"line":107,"column":17}},"43":{"start":{"line":106,"column":20},"end":{"line":106,"column":121}},"44":{"start":{"line":108,"column":16},"end":{"line":110,"column":17}},"45":{"start":{"line":109,"column":20},"end":{"line":109,"column":97}},"46":{"start":{"line":111,"column":16},"end":{"line":111,"column":96}},"47":{"start":{"line":116,"column":24},"end":{"line":116,"column":26}},"48":{"start":{"line":117,"column":8},"end":{"line":117,"column":91}},"49":{"start":{"line":118,"column":8},"end":{"line":118,"column":127}},"50":{"start":{"line":119,"column":8},"end":{"line":119,"column":23}},"51":{"start":{"line":122,"column":0},"end":{"line":122,"column":64}},"52":{"start":{"line":123,"column":0},"end":{"line":123,"column":42}}},"fnMap":{"0":{"name":"(anonymous_0)","decl":{"start":{"line":2,"column":44},"end":{"line":2,"column":45}},"loc":{"start":{"line":2,"column":89},"end":{"line":10,"column":1}},"line":2},"1":{"name":"adopt","decl":{"start":{"line":3,"column":13},"end":{"line":3,"column":18}},"loc":{"start":{"line":3,"column":26},"end":{"line":3,"column":112}},"line":3},"2":{"name":"(anonymous_2)","decl":{"start":{"line":3,"column":70},"end":{"line":3,"column":71}},"loc":{"start":{"line":3,"column":89},"end":{"line":3,"column":108}},"line":3},"3":{"name":"(anonymous_3)","decl":{"start":{"line":4,"column":36},"end":{"line":4,"column":37}},"loc":{"start":{"line":4,"column":63},"end":{"line":9,"column":5}},"line":4},"4":{"name":"fulfilled","decl":{"start":{"line":5,"column":17},"end":{"line":5,"column":26}},"loc":{"start":{"line":5,"column":34},"end":{"line":5,"column":99}},"line":5},"5":{"name":"rejected","decl":{"start":{"line":6,"column":17},"end":{"line":6,"column":25}},"loc":{"start":{"line":6,"column":33},"end":{"line":6,"column":102}},"line":6},"6":{"name":"step","decl":{"start":{"line":7,"column":17},"end":{"line":7,"column":21}},"loc":{"start":{"line":7,"column":30},"end":{"line":7,"column":118}},"line":7},"7":{"name":"(anonymous_7)","decl":{"start":{"line":19,"column":4},"end":{"line":19,"column":5}},"loc":{"start":{"line":19,"column":18},"end":{"line":79,"column":5}},"line":19},"8":{"name":"(anonymous_8)","decl":{"start":{"line":80,"column":4},"end":{"line":80,"column":5}},"loc":{"start":{"line":80,"column":22},"end":{"line":114,"column":5}},"line":80},"9":{"name":"(anonymous_9)","decl":{"start":{"line":81,"column":47},"end":{"line":81,"column":48}},"loc":{"start":{"line":81,"column":60},"end":{"line":113,"column":9}},"line":81},"10":{"name":"(anonymous_10)","decl":{"start":{"line":115,"column":4},"end":{"line":115,"column":5}},"loc":{"start":{"line":115,"column":45},"end":{"line":120,"column":5}},"line":115}},"branchMap":{"0":{"loc":{"start":{"line":2,"column":16},"end":{"line":10,"column":1}},"type":"binary-expr","locations":[{"start":{"line":2,"column":17},"end":{"line":2,"column":21}},{"start":{"line":2,"column":25},"end":{"line":2,"column":39}},{"start":{"line":2,"column":44},"end":{"line":10,"column":1}}],"line":2},"1":{"loc":{"start":{"line":3,"column":35},"end":{"line":3,"column":109}},"type":"cond-expr","locations":[{"start":{"line":3,"column":56},"end":{"line":3,"column":61}},{"start":{"line":3,"column":64},"end":{"line":3,"column":109}}],"line":3},"2":{"loc":{"start":{"line":4,"column":16},"end":{"line":4,"column":34}},"type":"binary-expr","locations":[{"start":{"line":4,"column":16},"end":{"line":4,"column":17}},{"start":{"line":4,"column":22},"end":{"line":4,"column":33}}],"line":4},"3":{"loc":{"start":{"line":7,"column":32},"end":{"line":7,"column":115}},"type":"cond-expr","locations":[{"start":{"line":7,"column":46},"end":{"line":7,"column":67}},{"start":{"line":7,"column":70},"end":{"line":7,"column":115}}],"line":7},"4":{"loc":{"start":{"line":8,"column":51},"end":{"line":8,"column":67}},"type":"binary-expr","locations":[{"start":{"line":8,"column":51},"end":{"line":8,"column":61}},{"start":{"line":8,"column":65},"end":{"line":8,"column":67}}],"line":8},"5":{"loc":{"start":{"line":82,"column":29},"end":{"line":82,"column":80}},"type":"cond-expr","locations":[{"start":{"line":82,"column":46},"end":{"line":82,"column":75}},{"start":{"line":82,"column":78},"end":{"line":82,"column":80}}],"line":82},"6":{"loc":{"start":{"line":85,"column":26},"end":{"line":85,"column":68}},"type":"binary-expr","locations":[{"start":{"line":85,"column":26},"end":{"line":85,"column":40}},{"start":{"line":85,"column":44},"end":{"line":85,"column":68}}],"line":85},"7":{"loc":{"start":{"line":87,"column":29},"end":{"line":87,"column":54}},"type":"binary-expr","locations":[{"start":{"line":87,"column":29},"end":{"line":87,"column":46}},{"start":{"line":87,"column":50},"end":{"line":87,"column":54}}],"line":87},"8":{"loc":{"start":{"line":102,"column":23},"end":{"line":102,"column":117}},"type":"cond-expr","locations":[{"start":{"line":102,"column":38},"end":{"line":102,"column":76}},{"start":{"line":102,"column":79},"end":{"line":102,"column":117}}],"line":102},"9":{"loc":{"start":{"line":105,"column":16},"end":{"line":107,"column":17}},"type":"if","locations":[{"start":{"line":105,"column":16},"end":{"line":107,"column":17}},{"start":{"line":105,"column":16},"end":{"line":107,"column":17}}],"line":105},"10":{"loc":{"start":{"line":108,"column":16},"end":{"line":110,"column":17}},"type":"if","locations":[{"start":{"line":108,"column":16},"end":{"line":110,"column":17}},{"start":{"line":108,"column":16},"end":{"line":110,"column":17}}],"line":108},"11":{"loc":{"start":{"line":115,"column":30},"end":{"line":115,"column":43}},"type":"default-arg","locations":[{"start":{"line":115,"column":42},"end":{"line":115,"column":43}}],"line":115}},"s":{"0":1,"1":4,"2":0,"3":3,"4":4,"5":4,"6":0,"7":0,"8":0,"9":0,"10":7,"11":3,"12":1,"13":1,"14":1,"15":1,"16":1,"17":1,"18":1,"19":20,"20":20,"21":20,"22":20,"23":20,"24":20,"25":20,"26":20,"27":3,"28":3,"29":3,"30":3,"31":3,"32":3,"33":3,"34":3,"35":3,"36":2,"37":2,"38":2,"39":2,"40":2,"41":2,"42":1,"43":0,"44":1,"45":0,"46":1,"47":2,"48":2,"49":2,"50":2,"51":1,"52":1},"f":{"0":3,"1":4,"2":0,"3":3,"4":4,"5":0,"6":7,"7":20,"8":3,"9":3,"10":2},"b":{"0":[1,1,1],"1":[4,0],"2":[3,3],"3":[3,4],"4":[3,3],"5":[2,1],"6":[3,1],"7":[3,1],"8":[1,1],"9":[0,1],"10":[0,1],"11":[2]},"_coverageSchema":"43e27e138ebf9cfc5966b082cf9a028302ed4184","hash":"ce9887823aeb1a4d53841dd8064db66dec37d062","contentHash":"fd33fcfec759b12b244d06705f29955a8900751dd124728247a707021b0e8595"}}